<?xml version="1.0" encoding="UTF-8"?>
<testsuites>
	<testsuite errors="0" time="465.928" tests="619" name="AsteriskUnitTests">
		<properties>
			<property name="version" value="GIT-16-9767e98486"/>
		</properties>
		<testcase time="0.5" classname="apps.app_gosub" name="gosub application"/>
		<testcase time="0.0" classname="apps.app_voicemail" name="test_voicemail_vm_info"/>
		<testcase time="0.0" classname="apps.app_voicemail" name="test_voicemail_load_config"/>
		<testcase time="0.11" classname="apps.app_voicemail" name="test_voicemail_notify_endl"/>
		<testcase time="0.0" classname="apps.app_voicemail" name="vmuser"/>
		<testcase time="0.211" classname="apps.app_voicemail" name="test_voicemail_msgcount"/>
		<testcase time="8.903" classname="apps.app_voicemail" name="vmsayname_exec"/>
		<testcase time="0.0" classname="ari.validators" name="validate_list"/>
		<testcase time="0.1" classname="ari.validators" name="validate_date"/>
		<testcase time="0.0" classname="ari.validators" name="validate_string"/>
		<testcase time="0.0" classname="ari.validators" name="validate_long"/>
		<testcase time="0.0" classname="ari.validators" name="validate_int"/>
		<testcase time="0.0" classname="ari.validators" name="validate_boolean"/>
		<testcase time="0.0" classname="ari.validators" name="validate_byte"/>
		<testcase time="0.0" classname="bridges.bridge_softmix" name="sfu_remove_destination_streams"/>
		<testcase time="0.0" classname="bridges.bridge_softmix" name="sfu_append_source_streams"/>
		<testcase time="0.35" classname="channels.chan_sip" name="test_sip_rtpqos"/>
		<testcase time="0.0" classname="channels.chan_sip" name="parse_via_test"/>
		<testcase time="0.0" classname="channels.chan_sip" name="sip_uri_cmp_test"/>
		<testcase time="0.0" classname="channels.chan_sip" name="sip_parse_options_test"/>
		<testcase time="0.0" classname="channels.chan_sip" name="parse_contact_header_test"/>
		<testcase time="0.0" classname="channels.chan_sip" name="parse_name_andor_addr_test"/>
		<testcase time="0.0" classname="channels.chan_sip" name="sip_uri_full_parse_test"/>
		<testcase time="0.0" classname="channels.chan_sip" name="sip_get_name_and_number_test"/>
		<testcase time="0.0" classname="channels.chan_sip" name="sip_get_in_brackets_test"/>
		<testcase time="0.0" classname="channels.chan_sip" name="sip_uri_parse_test"/>
		<testcase time="0.0" classname="channels.chan_sip" name="sip_get_calleridname_test"/>
		<testcase time="0.0" classname="channels.chan_sip" name="sip_parse_nat_test"/>
		<testcase time="0.0" classname="channels.chan_sip" name="sip_parse_host_line_test"/>
		<testcase time="0.0" classname="channels.chan_sip" name="sip_parse_register_line_test"/>
		<testcase time="0.0" classname="channels.chan_sip" name="get_in_brackets_const_test"/>
		<testcase time="0.0" classname="channels.chan_sip" name="sip_mwi_subscribe_parse_test"/>
		<testcase time="3.15" classname="channels.features" name="test_features_channel_interval"/>
		<testcase time="2.30" classname="channels.features" name="test_features_channel_dtmf"/>
		<testcase time="0.2" classname="config" name="config_options_test"/>
		<testcase time="0.0" classname="config" name="ast_parse_arg"/>
		<testcase time="0.0" classname="core.endpoints" name="setters"/>
		<testcase time="0.0" classname="core.endpoints" name="defaults"/>
		<testcase time="0.0" classname="core.endpoints" name="create"/>
		<testcase time="0.0" classname="funcs.func_curl" name="vulnerable_url"/>
		<testcase time="0.50" classname="funcs.func_env" name="func_file"/>
		<testcase time="0.12" classname="funcs.func_presence" name="test_presence_state_base64_encode"/>
		<testcase time="0.0" classname="funcs.func_presence" name="test_presence_state_change"/>
		<testcase time="0.0" classname="funcs.func_presence" name="parse_invalid_presence_data"/>
		<testcase time="0.0" classname="funcs.func_presence" name="parse_valid_presence_data"/>
		<testcase time="0.0" classname="funcs.func_strings" name="func_STRREPLACE_test"/>
		<testcase time="0.0" classname="funcs.func_strings" name="func_FILTER_test"/>
		<testcase time="0.0" classname="funcs.func_strings" name="func_REPLACE_test"/>
		<testcase time="0.0" classname="funcs.func_strings" name="func_FIELDNUM_test"/>
		<testcase time="0.0" classname="main.abstract_jb" name="AST_JB_FIXED_put_out_of_order"/>
		<testcase time="0.0" classname="main.abstract_jb" name="AST_JB_FIXED_put_overflow"/>
		<testcase time="0.0" classname="main.abstract_jb" name="AST_JB_FIXED_put"/>
		<testcase time="0.0" classname="main.abstract_jb" name="AST_JB_FIXED_put_first"/>
		<testcase time="0.0" classname="main.abstract_jb" name="AST_JB_FIXED_create"/>
		<testcase time="0.0" classname="main.abstract_jb" name="AST_JB_ADAPTIVE_put_out_of_order"/>
		<testcase time="0.0" classname="main.abstract_jb" name="AST_JB_ADAPTIVE_put_overflow"/>
		<testcase time="0.0" classname="main.abstract_jb" name="AST_JB_ADAPTIVE_put"/>
		<testcase time="0.0" classname="main.abstract_jb" name="AST_JB_ADAPTIVE_put_first"/>
		<testcase time="0.0" classname="main.abstract_jb" name="AST_JB_ADAPTIVE_create"/>
		<testcase time="0.0" classname="main.acl" name="acl"/>
		<testcase time="0.0" classname="main.acl" name="invalid_acl"/>
		<testcase time="0.0" classname="main.amihooks" name="amihook_cli_send"/>
		<testcase time="0.0" classname="main.aoc" name="aoc_event_test"/>
		<testcase time="0.0" classname="main.aoc" name="aoc_encode_decode_test"/>
		<testcase time="0.0" classname="main.app" name="options_parsing"/>
		<testcase time="0.3" classname="main.app" name="app_group"/>
		<testcase time="0.3" classname="main.ast_expr" name="expr_test"/>
		<testcase time="0.378" classname="main.astdb" name="put_get_long"/>
		<testcase time="0.442" classname="main.astdb" name="perftest"/>
		<testcase time="0.0" classname="main.astdb" name="gettree_deltree"/>
		<testcase time="0.0" classname="main.astdb" name="put_get_del"/>
		<testcase time="4.418" classname="main.astobj2" name="thrash"/>
		<testcase time="0.0" classname="main.astobj2" name="astobj2_weak1"/>
		<testcase time="0.3" classname="main.astobj2" name="astobj2_test4"/>
		<testcase time="0.0" classname="main.astobj2" name="astobj2_test3"/>
		<testcase time="0.0" classname="main.astobj2" name="astobj2_test2"/>
		<testcase time="0.106" classname="main.astobj2" name="astobj2_test1"/>
		<testcase time="160.686" classname="main.astobj2.perf" name="astobj2_test_perf"/>
		<testcase time="1.16" classname="main.bridging" name="test_bridging_deferred_queue"/>
		<testcase time="0.1" classname="main.bucket" name="bucket_file_json"/>
		<testcase time="0.0" classname="main.bucket" name="bucket_file_metadata_get"/>
		<testcase time="0.0" classname="main.bucket" name="bucket_file_metadata_unset"/>
		<testcase time="0.0" classname="main.bucket" name="bucket_file_metadata_set"/>
		<testcase time="0.0" classname="main.bucket" name="bucket_file_is_stale"/>
		<testcase time="0.0" classname="main.bucket" name="bucket_file_delete"/>
		<testcase time="0.0" classname="main.bucket" name="bucket_file_update"/>
		<testcase time="0.0" classname="main.bucket" name="bucket_file_retrieve"/>
		<testcase time="0.7" classname="main.bucket" name="bucket_file_copy"/>
		<testcase time="0.0" classname="main.bucket" name="bucket_file_clone"/>
		<testcase time="0.0" classname="main.bucket" name="bucket_file_create"/>
		<testcase time="0.0" classname="main.bucket" name="bucket_file_alloc"/>
		<testcase time="0.0" classname="main.bucket" name="bucket_json"/>
		<testcase time="0.0" classname="main.bucket" name="bucket_is_stale"/>
		<testcase time="0.0" classname="main.bucket" name="bucket_retrieve"/>
		<testcase time="0.0" classname="main.bucket" name="bucket_delete"/>
		<testcase time="0.0" classname="main.bucket" name="bucket_clone"/>
		<testcase time="0.0" classname="main.bucket" name="bucket_create"/>
		<testcase time="0.0" classname="main.bucket" name="bucket_alloc"/>
		<testcase time="0.0" classname="main.bucket" name="bucket_scheme_register_unregister"/>
		<testcase time="0.0" classname="main.callerid" name="parse_off_nominal"/>
		<testcase time="0.0" classname="main.callerid" name="parse_nominal"/>
		<testcase time="2.2" classname="main.cdr" name="test_cdr_fork_cdr"/>
		<testcase time="1.2" classname="main.cdr" name="test_cdr_no_reset_cdr"/>
		<testcase time="2.5" classname="main.cdr" name="test_cdr_fields"/>
		<testcase time="3.10" classname="main.cdr" name="test_cdr_park"/>
		<testcase time="5.30" classname="main.cdr" name="test_cdr_dial_answer_multiparty"/>
		<testcase time="3.11" classname="main.cdr" name="test_cdr_dial_answer_twoparty_bridge_b"/>
		<testcase time="2.9" classname="main.cdr" name="test_cdr_dial_answer_twoparty_bridge_a"/>
		<testcase time="0.3" classname="main.cdr" name="test_cdr_dial_answer_no_bridge"/>
		<testcase time="0.4" classname="main.cdr" name="test_cdr_dial_parallel_failed"/>
		<testcase time="0.2" classname="main.cdr" name="test_cdr_dial_caller_cancel"/>
		<testcase time="0.2" classname="main.cdr" name="test_cdr_dial_unavailable"/>
		<testcase time="0.2" classname="main.cdr" name="test_cdr_dial_busy"/>
		<testcase time="0.2" classname="main.cdr" name="test_cdr_dial_congestion"/>
		<testcase time="0.2" classname="main.cdr" name="test_cdr_dial_unanswered"/>
		<testcase time="3.10" classname="main.cdr" name="test_cdr_outbound_bridged_call"/>
		<testcase time="4.21" classname="main.cdr" name="test_cdr_single_multiparty_bridge"/>
		<testcase time="3.10" classname="main.cdr" name="test_cdr_single_twoparty_bridge_b"/>
		<testcase time="2.11" classname="main.cdr" name="test_cdr_single_twoparty_bridge_a"/>
		<testcase time="2.6" classname="main.cdr" name="test_cdr_single_bridge_continue"/>
		<testcase time="2.6" classname="main.cdr" name="test_cdr_single_bridge"/>
		<testcase time="0.3" classname="main.cdr" name="test_cdr_single_party"/>
		<testcase time="0.2" classname="main.cdr" name="test_cdr_unanswered_outbound_call"/>
		<testcase time="0.1" classname="main.cdr" name="test_cdr_unanswered_inbound_call"/>
		<testcase time="0.0" classname="main.cdr" name="test_cdr_channel_creation"/>
		<testcase time="1.4" classname="main.cel" name="test_cel_local_optimize"/>
		<testcase time="1.13" classname="main.cel" name="test_cel_dial_pickup"/>
		<testcase time="10.41" classname="main.cel" name="test_cel_attended_transfer_bridges_merge"/>
		<testcase time="4.20" classname="main.cel" name="test_cel_blind_transfer"/>
		<testcase time="4.21" classname="main.cel" name="test_cel_dial_answer_twoparty_bridge_b"/>
		<testcase time="4.21" classname="main.cel" name="test_cel_dial_answer_twoparty_bridge_a"/>
		<testcase time="1.10" classname="main.cel" name="test_cel_dial_answer_no_bridge"/>
		<testcase time="1.9" classname="main.cel" name="test_cel_dial_parallel_failed"/>
		<testcase time="1.5" classname="main.cel" name="test_cel_dial_caller_cancel"/>
		<testcase time="1.5" classname="main.cel" name="test_cel_dial_unavailable"/>
		<testcase time="1.5" classname="main.cel" name="test_cel_dial_busy"/>
		<testcase time="1.5" classname="main.cel" name="test_cel_dial_congestion"/>
		<testcase time="1.5" classname="main.cel" name="test_cel_dial_unanswered_filter"/>
		<testcase time="1.7" classname="main.cel" name="test_cel_dial_unanswered"/>
		<testcase time="4.15" classname="main.cel" name="test_cel_single_twoparty_bridge_b"/>
		<testcase time="4.13" classname="main.cel" name="test_cel_single_twoparty_bridge_a"/>
		<testcase time="4.7" classname="main.cel" name="test_cel_single_bridge_continue"/>
		<testcase time="4.8" classname="main.cel" name="test_cel_single_bridge"/>
		<testcase time="1.4" classname="main.cel" name="test_cel_single_party"/>
		<testcase time="1.4" classname="main.cel" name="test_cel_unanswered_outbound_call"/>
		<testcase time="1.5" classname="main.cel" name="test_cel_unanswered_inbound_call"/>
		<testcase time="1.2" classname="main.cel" name="test_cel_channel_creation"/>
		<testcase time="0.1" classname="main.channel" name="add_fd"/>
		<testcase time="0.1" classname="main.channel" name="set_fd_grow"/>
		<testcase time="0.0" classname="main.config" name="variable_lists_match"/>
		<testcase time="0.0" classname="main.config" name="config_dialplan_function"/>
		<testcase time="0.0" classname="main.config" name="config_hook"/>
		<testcase time="0.0" classname="main.config" name="copy_config"/>
		<testcase time="0.0" classname="main.config" name="config_template_ops"/>
		<testcase time="0.0" classname="main.config" name="config_filtered_ops"/>
		<testcase time="0.0" classname="main.config" name="config_basic_ops"/>
		<testcase time="0.4" classname="main.config" name="config_save"/>
		<testcase time="0.0" classname="main.conversions" name="str_to_ulong"/>
		<testcase time="0.0" classname="main.conversions" name="str_to_uint"/>
		<testcase time="0.0" classname="main.core_codec" name="codec_get_unknown"/>
		<testcase time="0.0" classname="main.core_codec" name="codec_get_unknown"/>
		<testcase time="0.0" classname="main.core_codec" name="codec_get_unregistered"/>
		<testcase time="0.0" classname="main.core_codec" name="codec_get"/>
		<testcase time="0.0" classname="main.core_codec" name="codec_register_audio_no_sample_rate"/>
		<testcase time="0.0" classname="main.core_codec" name="codec_register_unknown"/>
		<testcase time="0.0" classname="main.core_codec" name="codec_register_twice"/>
		<testcase time="0.0" classname="main.core_codec" name="codec_register"/>
		<testcase time="0.0" classname="main.core_format" name="format_parse_and_generate_sdp_fmtp"/>
		<testcase time="0.0" classname="main.core_format" name="format_parse_sdp_fmtp_without_interface"/>
		<testcase time="0.0" classname="main.core_format" name="format_attribute_get_without_interface"/>
		<testcase time="0.0" classname="main.core_format" name="format_attribute_set_without_interface"/>
		<testcase time="0.0" classname="main.core_format" name="format_copy"/>
		<testcase time="0.0" classname="main.core_format" name="format_joint_different_codec"/>
		<testcase time="0.0" classname="main.core_format" name="format_attr_joint_same_codec"/>
		<testcase time="0.0" classname="main.core_format" name="format_joint_same_codec"/>
		<testcase time="0.0" classname="main.core_format" name="format_cmp_different_codec"/>
		<testcase time="0.0" classname="main.core_format" name="format_attr_cmp_same_codec"/>
		<testcase time="0.0" classname="main.core_format" name="format_cmp_same_codec"/>
		<testcase time="0.0" classname="main.core_format" name="format_clone"/>
		<testcase time="0.0" classname="main.core_format" name="format_retrieve_attr"/>
		<testcase time="0.0" classname="main.core_format" name="format_create_attr"/>
		<testcase time="0.0" classname="main.core_format" name="format_create"/>
		<testcase time="0.0" classname="main.data_buffer" name="buffer_nominal"/>
		<testcase time="0.0" classname="main.data_buffer" name="buffer_resize"/>
		<testcase time="0.0" classname="main.data_buffer" name="buffer_put"/>
		<testcase time="0.0" classname="main.data_buffer" name="buffer_create"/>
		<testcase time="0.1" classname="main.devicestate" name="devstate_channels"/>
		<testcase time="0.0" classname="main.devicestate" name="devstate_conversions"/>
		<testcase time="0.5" classname="main.devicestate" name="devstate_changed"/>
		<testcase time="0.0" classname="main.devicestate" name="devstate_prov_del"/>
		<testcase time="0.0" classname="main.devicestate" name="devstate_prov_add"/>
		<testcase time="0.0" classname="main.devicestate" name="device2extenstate_test"/>
		<testcase time="0.1" classname="main.devicestate" name="device_state_aggregation_test"/>
		<testcase time="0.0" classname="main.dns" name="resolver_resolve_async_cancel"/>
		<testcase time="0.0" classname="main.dns" name="resolver_resolve_async_off_nominal"/>
		<testcase time="5.3" classname="main.dns" name="resolver_resolve_async"/>
		<testcase time="0.0" classname="main.dns" name="resolver_resolve_sync_off_nominal"/>
		<testcase time="5.0" classname="main.dns" name="resolver_resolve_sync"/>
		<testcase time="0.0" classname="main.dns" name="resolver_add_record_off_nominal"/>
		<testcase time="0.0" classname="main.dns" name="resolver_add_record"/>
		<testcase time="0.0" classname="main.dns" name="resolver_set_result_off_nominal"/>
		<testcase time="0.0" classname="main.dns" name="resolver_set_result"/>
		<testcase time="0.0" classname="main.dns" name="resolver_data"/>
		<testcase time="0.0" classname="main.dns" name="resolver_unregister_off_nominal"/>
		<testcase time="0.0" classname="main.dns" name="resolver_register_off_nominal"/>
		<testcase time="0.0" classname="main.dns" name="resolver_register_unregister"/>
		<testcase time="0.0" classname="main.dns.naptr" name="naptr_resolve_off_nominal_interactions"/>
		<testcase time="0.0" classname="main.dns.naptr" name="naptr_resolve_off_nominal_regexp"/>
		<testcase time="0.0" classname="main.dns.naptr" name="naptr_resolve_off_nominal_services"/>
		<testcase time="0.1" classname="main.dns.naptr" name="naptr_resolve_off_nominal_flags"/>
		<testcase time="0.0" classname="main.dns.naptr" name="naptr_resolve_off_nominal_length"/>
		<testcase time="0.0" classname="main.dns.naptr" name="naptr_resolve"/>
		<testcase time="0.1" classname="main.dns.query_set" name="query_set_off_nominal_cancel"/>
		<testcase time="0.0" classname="main.dns.query_set" name="query_set_nominal_cancel"/>
		<testcase time="0.0" classname="main.dns.query_set" name="query_set_empty"/>
		<testcase time="0.3" classname="main.dns.query_set" name="query_set"/>
		<testcase time="15.0" classname="main.dns.recurring" name="recurring_query_cancel_during"/>
		<testcase time="10.0" classname="main.dns.recurring" name="recurring_query_cancel_between"/>
		<testcase time="0.0" classname="main.dns.recurring" name="recurring_query_off_nominal"/>
		<testcase time="14.999" classname="main.dns.recurring" name="recurring_query"/>
		<testcase time="0.0" classname="main.dns.srv" name="srv_resolve_record_missing_host"/>
		<testcase time="0.0" classname="main.dns.srv" name="srv_resolve_record_missing_port_host"/>
		<testcase time="0.0" classname="main.dns.srv" name="srv_resolve_record_missing_weight_port_host"/>
		<testcase time="0.23" classname="main.dns.srv" name="srv_resolve_different_priorities_different_weights"/>
		<testcase time="0.11" classname="main.dns.srv" name="srv_resolve_same_priority_different_weights"/>
		<testcase time="0.0" classname="main.dns.srv" name="srv_resolve_same_priority_zero_weight"/>
		<testcase time="0.0" classname="main.dns.srv" name="srv_resolve_sort_priority"/>
		<testcase time="0.0" classname="main.dns.srv" name="srv_resolve_single_record"/>
		<testcase time="0.28" classname="main.dsp" name="dtmf"/>
		<testcase time="5.3" classname="main.dsp" name="fax"/>
		<testcase time="0.0" classname="main.event" name="ast_event_new_test"/>
		<testcase time="0.2" classname="main.file" name="read_dir_test"/>
		<testcase time="0.0" classname="main.file" name="ast_format_str_reduce_test_1"/>
		<testcase time="0.0" classname="main.format_cache" name="format_cache_get_nonxistent"/>
		<testcase time="0.0" classname="main.format_cache" name="format_cache_get"/>
		<testcase time="0.0" classname="main.format_cache" name="format_cache_set_null"/>
		<testcase time="0.0" classname="main.format_cache" name="format_cache_set_duplicate"/>
		<testcase time="0.0" classname="main.format_cache" name="format_cache_set"/>
		<testcase time="0.0" classname="main.format_cap" name="format_cap_replace_from_cap"/>
		<testcase time="0.0" classname="main.format_cap" name="format_cap_best_by_type"/>
		<testcase time="0.0" classname="main.format_cap" name="format_cap_iscompatible"/>
		<testcase time="0.0" classname="main.format_cap" name="format_cap_get_compatible"/>
		<testcase time="0.0" classname="main.format_cap" name="format_cap_iscompatible_format"/>
		<testcase time="0.0" classname="main.format_cap" name="format_cap_get_compatible_format"/>
		<testcase time="0.0" classname="main.format_cap" name="format_cap_get_names"/>
		<testcase time="0.1" classname="main.format_cap" name="format_cap_remove_all"/>
		<testcase time="0.0" classname="main.format_cap" name="format_cap_remove_bytype"/>
		<testcase time="0.0" classname="main.format_cap" name="format_cap_remove_multiple"/>
		<testcase time="0.0" classname="main.format_cap" name="format_cap_remove_single"/>
		<testcase time="0.0" classname="main.format_cap" name="format_cap_set_framing"/>
		<testcase time="0.1" classname="main.format_cap" name="format_cap_append_from_cap_duplicate"/>
		<testcase time="0.1" classname="main.format_cap" name="format_cap_append_from_cap"/>
		<testcase time="0.0" classname="main.format_cap" name="format_cap_append_duplicate"/>
		<testcase time="0.0" classname="main.format_cap" name="format_cap_append_all_audio"/>
		<testcase time="0.0" classname="main.format_cap" name="format_cap_append_all_unknown"/>
		<testcase time="0.0" classname="main.format_cap" name="format_cap_append_multiple"/>
		<testcase time="0.0" classname="main.format_cap" name="format_cap_append_single"/>
		<testcase time="0.0" classname="main.format_cap" name="format_cap_alloc"/>
		<testcase time="10.866" classname="main.hashtab" name="thrash"/>
		<testcase time="0.593" classname="main.heap" name="heap_test_3"/>
		<testcase time="0.570" classname="main.heap" name="heap_test_2"/>
		<testcase time="0.0" classname="main.heap" name="heap_test_1"/>
		<testcase time="0.0" classname="main.jitterbuf" name="jitterbuffer_resynch_control"/>
		<testcase time="0.0" classname="main.jitterbuf" name="jitterbuffer_resynch_voice"/>
		<testcase time="0.0" classname="main.jitterbuf" name="jitterbuffer_overflow_control"/>
		<testcase time="0.0" classname="main.jitterbuf" name="jitterbuffer_overflow_voice"/>
		<testcase time="0.0" classname="main.jitterbuf" name="jitterbuffer_late_control"/>
		<testcase time="0.0" classname="main.jitterbuf" name="jitterbuffer_late_voice"/>
		<testcase time="0.0" classname="main.jitterbuf" name="jitterbuffer_lost_control"/>
		<testcase time="0.0" classname="main.jitterbuf" name="jitterbuffer_lost_voice"/>
		<testcase time="0.0" classname="main.jitterbuf" name="jitterbuffer_out_of_order_voice"/>
		<testcase time="0.0" classname="main.jitterbuf" name="jitterbuffer_out_of_order_voice"/>
		<testcase time="0.0" classname="main.jitterbuf" name="jitterbuffer_nominal_control_frames"/>
		<testcase time="0.0" classname="main.jitterbuf" name="jitterbuffer_nominal_voice_frames"/>
		<testcase time="0.0" classname="main.json" name="cep"/>
		<testcase time="0.0" classname="main.json" name="type_timeval"/>
		<testcase time="0.0" classname="main.json" name="name_number"/>
		<testcase time="0.0" classname="main.json" name="clever_circle"/>
		<testcase time="0.0" classname="main.json" name="circular_array"/>
		<testcase time="0.0" classname="main.json" name="circular_object"/>
		<testcase time="0.0" classname="main.json" name="copy_null"/>
		<testcase time="0.0" classname="main.json" name="deep_copy"/>
		<testcase time="0.0" classname="main.json" name="copy"/>
		<testcase time="0.187" classname="main.json" name="object_alloc"/>
		<testcase time="0.0" classname="main.json" name="pack_ownership"/>
		<testcase time="0.0" classname="main.json" name="pack"/>
		<testcase time="0.0" classname="main.json" name="parse_errors"/>
		<testcase time="0.0" classname="main.json" name="dump_load_null"/>
		<testcase time="0.0" classname="main.json" name="dump_load_new_file"/>
		<testcase time="0.0" classname="main.json" name="dump_load_file"/>
		<testcase time="0.0" classname="main.json" name="load_buffer"/>
		<testcase time="0.0" classname="main.json" name="dump_str_fail"/>
		<testcase time="0.0" classname="main.json" name="dump_load_str"/>
		<testcase time="0.0" classname="main.json" name="dump_load_string"/>
		<testcase time="0.0" classname="main.json" name="object_iter_null"/>
		<testcase time="0.0" classname="main.json" name="object_iter"/>
		<testcase time="0.0" classname="main.json" name="object_null"/>
		<testcase time="0.0" classname="main.json" name="object_merge_missing"/>
		<testcase time="0.0" classname="main.json" name="object_alloc"/>
		<testcase time="0.0" classname="main.json" name="object_alloc"/>
		<testcase time="0.0" classname="main.json" name="object_clear"/>
		<testcase time="0.0" classname="main.json" name="object_del"/>
		<testcase time="0.0" classname="main.json" name="object_get"/>
		<testcase time="0.0" classname="main.json" name="object_set_overwriting"/>
		<testcase time="0.0" classname="main.json" name="object_set"/>
		<testcase time="0.0" classname="main.json" name="object_alloc"/>
		<testcase time="0.0" classname="main.json" name="array_null"/>
		<testcase time="0.0" classname="main.json" name="array_extend"/>
		<testcase time="0.0" classname="main.json" name="array_clear"/>
		<testcase time="0.0" classname="main.json" name="array_remove"/>
		<testcase time="0.0" classname="main.json" name="array_set"/>
		<testcase time="0.0" classname="main.json" name="array_insert"/>
		<testcase time="0.0" classname="main.json" name="array_append"/>
		<testcase time="0.0" classname="main.json" name="array_create"/>
		<testcase time="0.0" classname="main.json" name="non_int"/>
		<testcase time="0.0" classname="main.json" name="type_int"/>
		<testcase time="0.0" classname="main.json" name="stringf"/>
		<testcase time="0.0" classname="main.json" name="string_null"/>
		<testcase time="0.0" classname="main.json" name="type_string"/>
		<testcase time="0.0" classname="main.json" name="null_val"/>
		<testcase time="0.0" classname="main.json" name="type_null"/>
		<testcase time="0.0" classname="main.json" name="type_bool1"/>
		<testcase time="0.0" classname="main.json" name="type_bool0"/>
		<testcase time="0.0" classname="main.json" name="type_true"/>
		<testcase time="0.0" classname="main.json" name="type_false"/>
		<testcase time="0.0" classname="main.linkedlists" name="double_ll_tests"/>
		<testcase time="0.0" classname="main.linkedlists" name="ll_tests"/>
		<testcase time="0.0" classname="main.lock" name="cleanup_order_test"/>
		<testcase time="0.0" classname="main.lock" name="lock_test"/>
		<testcase time="3.0" classname="main.lock" name="named_lock_test"/>
		<testcase time="0.0" classname="main.media_cache" name="create_update_off_nominal"/>
		<testcase time="0.13" classname="main.media_cache" name="create_update_metadata"/>
		<testcase time="0.0" classname="main.media_cache" name="create_update_nominal"/>
		<testcase time="0.0" classname="main.media_cache" name="exists_off_nominal"/>
		<testcase time="0.0" classname="main.media_cache" name="exists_nominal"/>
		<testcase time="0.0" classname="main.message" name="test_message_msg_send"/>
		<testcase time="0.0" classname="main.message" name="test_message_has_destination_handler"/>
		<testcase time="0.0" classname="main.message" name="test_message_has_destination_dialplan"/>
		<testcase time="0.2" classname="main.message" name="test_message_queue_both_nominal"/>
		<testcase time="0.0" classname="main.message" name="test_message_queue_handler_nominal"/>
		<testcase time="0.1" classname="main.message" name="test_message_queue_dialplan_nominal"/>
		<testcase time="0.0" classname="main.message" name="test_message_manipulation"/>
		<testcase time="0.0" classname="main.message" name="test_message_msg_handler_registration"/>
		<testcase time="0.0" classname="main.message" name="test_message_msg_tech_registration"/>
		<testcase time="0.0" classname="main.netsock2" name="split_hostport"/>
		<testcase time="0.0" classname="main.netsock2" name="parsing"/>
		<testcase time="0.0" classname="main.optional_api" name="test_provide_last"/>
		<testcase time="0.0" classname="main.optional_api" name="test_provide_first"/>
		<testcase time="0.0" classname="main.pbx" name="pattern_match_test"/>
		<testcase time="0.97" classname="main.pbx" name="test_substitution"/>
		<testcase time="0.0" classname="main.pbx" name="test_MATH_function"/>
		<testcase time="0.0" classname="main.poll" name="poll_test"/>
		<testcase time="0.0" classname="main.presence" name="channel_presence"/>
		<testcase time="0.0" classname="main.sample" name="sample_test"/>
		<testcase time="0.400" classname="main.sched" name="sched_test_order"/>
		<testcase time="0.2" classname="main.sip.transport" name="sip_tcp_message_fragmentation"/>
		<testcase time="0.0" classname="main.sorcery" name="wizard_observation"/>
		<testcase time="0.0" classname="main.sorcery" name="instance_observation"/>
		<testcase time="0.0" classname="main.sorcery" name="global_observation"/>
		<testcase time="0.42" classname="main.sorcery" name="object_field_registered"/>
		<testcase time="0.1" classname="main.sorcery" name="dialplan_function"/>
		<testcase time="0.0" classname="main.sorcery" name="configuration_file_wizard_retrieve_multiple_all"/>
		<testcase time="0.0" classname="main.sorcery" name="configuration_file_wizard_retrieve_multiple"/>
		<testcase time="0.0" classname="main.sorcery" name="configuration_file_wizard_retrieve_field"/>
		<testcase time="0.0" classname="main.sorcery" name="configuration_file_wizard_with_criteria"/>
		<testcase time="0.0" classname="main.sorcery" name="configuration_file_wizard_with_file_integrity"/>
		<testcase time="0.0" classname="main.sorcery" name="configuration_file_wizard"/>
		<testcase time="0.0" classname="main.sorcery" name="object_type_observer"/>
		<testcase time="0.0" classname="main.sorcery" name="caching_wizard_behavior"/>
		<testcase time="0.0" classname="main.sorcery" name="object_is_stale"/>
		<testcase time="0.0" classname="main.sorcery" name="object_delete_uncreated"/>
		<testcase time="0.0" classname="main.sorcery" name="object_delete"/>
		<testcase time="0.0" classname="main.sorcery" name="object_update_uncreated"/>
		<testcase time="0.0" classname="main.sorcery" name="object_update"/>
		<testcase time="0.0" classname="main.sorcery" name="object_retrieve_regex"/>
		<testcase time="0.0" classname="main.sorcery" name="object_retrieve_multiple_field"/>
		<testcase time="0.0" classname="main.sorcery" name="object_retrieve_multiple_all"/>
		<testcase time="0.0" classname="main.sorcery" name="object_retrieve_field"/>
		<testcase time="0.0" classname="main.sorcery" name="object_retrieve_id"/>
		<testcase time="0.0" classname="main.sorcery" name="object_create"/>
		<testcase time="0.0" classname="main.sorcery" name="changeset_create_unchanged"/>
		<testcase time="0.0" classname="main.sorcery" name="changeset_create"/>
		<testcase time="0.0" classname="main.sorcery" name="extended_fields"/>
		<testcase time="0.0" classname="main.sorcery" name="objectset_apply_fields"/>
		<testcase time="0.0" classname="main.sorcery" name="objectset_transform"/>
		<testcase time="0.0" classname="main.sorcery" name="objectset_apply_invalid"/>
		<testcase time="0.0" classname="main.sorcery" name="objectset_apply_handler"/>
		<testcase time="0.0" classname="main.sorcery" name="objectset_apply"/>
		<testcase time="0.0" classname="main.sorcery" name="objectset_create_regex"/>
		<testcase time="0.0" classname="main.sorcery" name="objectset_json_create"/>
		<testcase time="0.0" classname="main.sorcery" name="objectset_create"/>
		<testcase time="0.0" classname="main.sorcery" name="object_diff_native"/>
		<testcase time="0.0" classname="main.sorcery" name="object_diff"/>
		<testcase time="0.0" classname="main.sorcery" name="object_copy_native"/>
		<testcase time="0.0" classname="main.sorcery" name="object_copy"/>
		<testcase time="0.0" classname="main.sorcery" name="object_alloc_without_id"/>
		<testcase time="0.0" classname="main.sorcery" name="object_alloc_with_id"/>
		<testcase time="0.0" classname="main.sorcery" name="object_fields_register"/>
		<testcase time="0.0" classname="main.sorcery" name="object_field_register"/>
		<testcase time="0.0" classname="main.sorcery" name="object_register_without_mapping"/>
		<testcase time="0.0" classname="main.sorcery" name="object_register"/>
		<testcase time="0.0" classname="main.sorcery" name="apply_config"/>
		<testcase time="0.0" classname="main.sorcery" name="apply_default"/>
		<testcase time="0.0" classname="main.sorcery" name="open"/>
		<testcase time="0.0" classname="main.sorcery" name="wizard_registration"/>
		<testcase time="0.0" classname="main.sorcery" name="wizard_apply_and_insert"/>
		<testcase time="2.436" classname="main.stdtime" name="timezone_watch"/>
		<testcase time="0.0" classname="main.stream" name="stream_topology_map_create"/>
		<testcase time="0.0" classname="main.stream" name="format_cap_from_stream_topology"/>
		<testcase time="0.1" classname="main.stream" name="stream_topology_change_request_from_channel"/>
		<testcase time="0.0" classname="main.stream" name="stream_topology_change_request_from_application"/>
		<testcase time="0.0" classname="main.stream" name="stream_topology_change_request_from_channel_non_multistream"/>
		<testcase time="0.0" classname="main.stream" name="stream_topology_change_request_from_application_non_multistream"/>
		<testcase time="0.5" classname="main.stream" name="stream_read_multistream"/>
		<testcase time="0.3" classname="main.stream" name="stream_read_non_multistream"/>
		<testcase time="0.0" classname="main.stream" name="stream_write_multistream"/>
		<testcase time="0.0" classname="main.stream" name="stream_write_non_multistream"/>
		<testcase time="0.0" classname="main.stream" name="stream_topology_channel_set"/>
		<testcase time="0.0" classname="main.stream" name="stream_topology_create_from_channel_nativeformats"/>
		<testcase time="0.0" classname="main.stream" name="stream_topology_get_first_stream_by_type"/>
		<testcase time="0.0" classname="main.stream" name="stream_topology_create_from_format_cap"/>
		<testcase time="0.0" classname="main.stream" name="stream_topology_del_stream"/>
		<testcase time="0.0" classname="main.stream" name="stream_topology_set_stream"/>
		<testcase time="0.0" classname="main.stream" name="stream_topology_append_stream"/>
		<testcase time="0.0" classname="main.stream" name="stream_topology_clone"/>
		<testcase time="0.0" classname="main.stream" name="stream_topology_create"/>
		<testcase time="0.0" classname="main.stream" name="stream_metadata"/>
		<testcase time="0.0" classname="main.stream" name="stream_set_state"/>
		<testcase time="0.0" classname="main.stream" name="stream_set_formats"/>
		<testcase time="0.0" classname="main.stream" name="stream_set_type"/>
		<testcase time="0.0" classname="main.stream" name="stream_create_no_name"/>
		<testcase time="0.0" classname="main.stream" name="stream_create"/>
		<testcase time="0.0" classname="main.strings" name="strings_match"/>
		<testcase time="0.0" classname="main.strings" name="escape"/>
		<testcase time="0.0" classname="main.strings" name="escape_semicolons"/>
		<testcase time="0.0" classname="main.strings" name="strsep"/>
		<testcase time="0.0" classname="main.strings" name="ends_with"/>
		<testcase time="0.0" classname="main.strings" name="begins_with"/>
		<testcase time="0.0" classname="main.strings" name="str_test"/>
		<testcase time="0.0" classname="main.taskprocessor" name="taskprocessor_push_local"/>
		<testcase time="0.0" classname="main.taskprocessor" name="taskprocessor_shutdown"/>
		<testcase time="0.0" classname="main.taskprocessor" name="taskprocessor_listener"/>
		<testcase time="0.80" classname="main.taskprocessor" name="default_taskprocessor_load"/>
		<testcase time="0.0" classname="main.taskprocessor" name="default_taskprocessor"/>
		<testcase time="0.0" classname="main.test" name="registrations"/>
		<testcase time="0.0" classname="main.threadpool" name="threadpool_serializer_dupe"/>
		<testcase time="1.1" classname="main.threadpool" name="threadpool_serializer"/>
		<testcase time="0.1" classname="main.threadpool" name="more_destruction"/>
		<testcase time="0.0" classname="main.threadpool" name="task_distribution"/>
		<testcase time="0.0" classname="main.threadpool" name="reactivation"/>
		<testcase time="0.0" classname="main.threadpool" name="max_size"/>
		<testcase time="0.1" classname="main.threadpool" name="auto_increment"/>
		<testcase time="0.2" classname="main.threadpool" name="one_thread_multiple_tasks"/>
		<testcase time="0.0" classname="main.threadpool" name="one_thread_one_task"/>
		<testcase time="0.1" classname="main.threadpool" name="one_task_one_thread"/>
		<testcase time="31.17" classname="main.threadpool" name="thread_timeout_thrash"/>
		<testcase time="2.1" classname="main.threadpool" name="thread_timeout"/>
		<testcase time="0.1" classname="main.threadpool" name="thread_destruction"/>
		<testcase time="0.0" classname="main.threadpool" name="thread_creation"/>
		<testcase time="0.1" classname="main.threadpool" name="initial_threads"/>
		<testcase time="0.0" classname="main.threadpool" name="push"/>
		<testcase time="0.0" classname="main.uri" name="uri_default_http_secure"/>
		<testcase time="0.0" classname="main.uri" name="uri_default_http"/>
		<testcase time="3.946" classname="main.uri" name="uri_parse"/>
		<testcase time="0.0" classname="main.utils" name="string_field_aggregate_test"/>
		<testcase time="0.0" classname="main.utils" name="string_field_test"/>
		<testcase time="0.0" classname="main.utils" name="quote_unescaping"/>
		<testcase time="0.0" classname="main.utils" name="quote_mutation"/>
		<testcase time="0.32" classname="main.utils" name="crypt_test"/>
		<testcase time="0.2" classname="main.utils" name="safe_mkdir_test"/>
		<testcase time="0.0" classname="main.utils" name="base64_test"/>
		<testcase time="0.0" classname="main.utils" name="sha1_test"/>
		<testcase time="0.0" classname="main.utils" name="md5_test"/>
		<testcase time="0.0" classname="main.utils" name="quoted_escape_test"/>
		<testcase time="0.0" classname="main.utils" name="uri_encode_decode_test"/>
		<testcase time="0.0" classname="main.uuid" name="uuid"/>
		<testcase time="0.0" classname="main.vector" name="basic"/>
		<testcase time="0.0" classname="main.vector" name="basic_integer"/>
		<testcase time="0.0" classname="main.vector" name="callbacks"/>
		<testcase time="0.0" classname="main.vector" name="locks"/>
		<testcase time="0.16" classname="main.voicemail_api" name="off_nominal_msg_playback"/>
		<testcase time="3.554" classname="main.voicemail_api" name="nominal_msg_playback"/>
		<testcase time="0.18" classname="main.voicemail_api" name="off_nominal_forward"/>
		<testcase time="0.58" classname="main.voicemail_api" name="nominal_forward"/>
		<testcase time="0.18" classname="main.voicemail_api" name="off_nominal_remove"/>
		<testcase time="0.18" classname="main.voicemail_api" name="nominal_remove"/>
		<testcase time="0.17" classname="main.voicemail_api" name="off_nominal_move"/>
		<testcase time="0.27" classname="main.voicemail_api" name="nominal_move"/>
		<testcase time="0.13" classname="main.voicemail_api" name="off_nominal_snapshot"/>
		<testcase time="0.35" classname="main.voicemail_api" name="nominal_snapshot"/>
		<testcase time="0.0" classname="main.xml_escape" name="xml_escape_test"/>
		<testcase time="0.0" classname="res.adsi" name="adsi_loaded_test"/>
		<testcase time="0.0" classname="res.agi" name="agi_loaded_test"/>
		<testcase time="0.0" classname="res.agi" name="null_agi_docs"/>
		<testcase time="0.0" classname="res.ari" name="invoke_not_found"/>
		<testcase time="0.0" classname="res.ari" name="invoke_bad_post"/>
		<testcase time="0.0" classname="res.ari" name="invoke_post"/>
		<testcase time="0.0" classname="res.ari" name="invoke_delete"/>
		<testcase time="0.0" classname="res.ari" name="invoke_wildcard"/>
		<testcase time="0.0" classname="res.ari" name="invoke_get"/>
		<testcase time="0.0" classname="res.ari" name="get_docs_hackerz"/>
		<testcase time="0.0" classname="res.ari" name="get_docs_notfound"/>
		<testcase time="0.0" classname="res.ari" name="get_docs_nohost"/>
		<testcase time="0.0" classname="res.ari" name="get_docs"/>
		<testcase time="0.0" classname="res.crypto" name="crypto_loaded_test"/>
		<testcase time="0.8" classname="res.http_media_cache" name="retrieve_cache_control_directives"/>
		<testcase time="0.14" classname="res.http_media_cache" name="retrieve_cache_control_age"/>
		<testcase time="0.1" classname="res.http_media_cache" name="retrieve_etag_expired"/>
		<testcase time="0.1" classname="res.http_media_cache" name="retrieve_expires"/>
		<testcase time="0.1" classname="res.http_media_cache" name="retrieve_etag"/>
		<testcase time="0.1" classname="res.http_media_cache" name="retrieve_nominal"/>
		<testcase time="0.1" classname="res.http_media_cache" name="create_nominal"/>
		<testcase time="0.2" classname="res.parking" name="dynamic_parking_variables"/>
		<testcase time="0.2" classname="res.parking" name="extension_conflicts"/>
		<testcase time="0.0" classname="res.parking" name="park_extensions"/>
		<testcase time="1.5" classname="res.parking" name="park_retrieve"/>
		<testcase time="1.5" classname="res.parking" name="park_channel"/>
		<testcase time="0.0" classname="res.parking" name="create_lot"/>
		<testcase time="0.0" classname="res.res_pjsip" name="xml_sanitization_exceeds_buffer"/>
		<testcase time="0.0" classname="res.res_pjsip" name="xml_sanitization_end_null"/>
		<testcase time="3.499" classname="res.res_pjsip.scheduler" name="scheduler_policy"/>
		<testcase time="1.500" classname="res.res_pjsip.scheduler" name="scheduler_cancel"/>
		<testcase time="1.600" classname="res.res_pjsip.scheduler" name="scheduler_cleanup"/>
		<testcase time="2.999" classname="res.res_pjsip.scheduler" name="unserialized_scheduler"/>
		<testcase time="3.999" classname="res.res_pjsip.scheduler" name="serialized_scheduler"/>
		<testcase time="0.0" classname="res.res_pjsip_pubsub" name="bad_event"/>
		<testcase time="0.0" classname="res.res_pjsip_pubsub" name="loop"/>
		<testcase time="0.0" classname="res.res_pjsip_pubsub" name="duplicate_resource"/>
		<testcase time="0.0" classname="res.res_pjsip_pubsub" name="bad_branch"/>
		<testcase time="0.0" classname="res.res_pjsip_pubsub" name="bad_resource"/>
		<testcase time="0.0" classname="res.res_pjsip_pubsub" name="complex_resource_tree"/>
		<testcase time="0.0" classname="res.res_pjsip_pubsub" name="resource_tree"/>
		<testcase time="0.3" classname="res.res_resolver_unbound" name="resolve_srv"/>
		<testcase time="0.0" classname="res.res_resolver_unbound" name="resolve_naptr"/>
		<testcase time="0.1" classname="res.res_resolver_unbound" name="resolve_cancel_off_nominal"/>
		<testcase time="0.0" classname="res.res_resolver_unbound" name="resolve_async_off_nominal"/>
		<testcase time="0.0" classname="res.res_resolver_unbound" name="resolve_sync_off_nominal"/>
		<testcase time="0.0" classname="res.res_resolver_unbound" name="resolve_async"/>
		<testcase time="0.0" classname="res.res_resolver_unbound" name="resolve_sync"/>
		<testcase time="15.1" classname="res.res_sorcery_memory_cache" name="full_backend_cache_stale"/>
		<testcase time="5.2" classname="res.res_sorcery_memory_cache" name="full_backend_cache_expiration"/>
		<testcase time="5.0" classname="res.res_sorcery_memory_cache" name="expiration"/>
		<testcase time="0.5" classname="res.res_sorcery_memory_cache" name="maximum_objects"/>
		<testcase time="0.0" classname="res.res_sorcery_memory_cache" name="_delete"/>
		<testcase time="0.0" classname="res.res_sorcery_memory_cache" name="create"/>
		<testcase time="0.0" classname="res.res_sorcery_memory_cache" name="create"/>
		<testcase time="0.0" classname="res.res_sorcery_memory_cache" name="open_with_invalid_options"/>
		<testcase time="0.0" classname="res.res_sorcery_memory_cache" name="open_with_valid_options"/>
		<testcase time="15.2" classname="res.res_sorcery_memory_cache" name="stale"/>
		<testcase time="3.32" classname="res.res_sorcery_memory_cache.thrash" name="high_object_count_without_expiration"/>
		<testcase time="6.2" classname="res.res_sorcery_memory_cache.thrash" name="conflicting_expire_and_stale"/>
		<testcase time="6.1" classname="res.res_sorcery_memory_cache.thrash" name="unique_objects_exceeding_maximum_with_expire_and_stale"/>
		<testcase time="3.2" classname="res.res_sorcery_memory_cache.thrash" name="unique_objects_exceeding_maximum"/>
		<testcase time="3.7" classname="res.res_sorcery_memory_cache.thrash" name="low_unique_object_count_high_concurrent_updates"/>
		<testcase time="3.3" classname="res.res_sorcery_memory_cache.thrash" name="low_unique_object_count_immediately_expire"/>
		<testcase time="3.1" classname="res.res_sorcery_memory_cache.thrash" name="low_unique_object_count_immediately_stale"/>
		<testcase time="0.0" classname="res.sorcery_astdb" name="object_delete_uncreated"/>
		<testcase time="0.1" classname="res.sorcery_astdb" name="object_delete"/>
		<testcase time="0.0" classname="res.sorcery_astdb" name="object_update_uncreated"/>
		<testcase time="0.0" classname="res.sorcery_astdb" name="object_update"/>
		<testcase time="0.1" classname="res.sorcery_astdb" name="object_retrieve_regex"/>
		<testcase time="0.0" classname="res.sorcery_astdb" name="object_retrieve_multiple_field"/>
		<testcase time="0.0" classname="res.sorcery_astdb" name="object_retrieve_multiple_all"/>
		<testcase time="0.1" classname="res.sorcery_astdb" name="object_retrieve_field"/>
		<testcase time="0.0" classname="res.sorcery_astdb" name="object_retrieve_id"/>
		<testcase time="0.0" classname="res.sorcery_astdb" name="object_create"/>
		<testcase time="0.0" classname="res.sorcery_realtime" name="object_filter"/>
		<testcase time="0.0" classname="res.sorcery_realtime" name="object_allocate_on_retrieval"/>
		<testcase time="0.0" classname="res.sorcery_realtime" name="object_delete_uncreated"/>
		<testcase time="0.0" classname="res.sorcery_realtime" name="object_delete"/>
		<testcase time="0.0" classname="res.sorcery_realtime" name="object_update"/>
		<testcase time="0.0" classname="res.sorcery_realtime" name="object_retrieve_regex_nofetch"/>
		<testcase time="0.1" classname="res.sorcery_realtime" name="object_retrieve_regex"/>
		<testcase time="0.0" classname="res.sorcery_realtime" name="object_retrieve_multiple_field"/>
		<testcase time="0.0" classname="res.sorcery_realtime" name="object_retrieve_multiple_all_nofetch"/>
		<testcase time="0.0" classname="res.sorcery_realtime" name="object_retrieve_multiple_all"/>
		<testcase time="0.0" classname="res.sorcery_realtime" name="object_retrieve_field"/>
		<testcase time="0.0" classname="res.sorcery_realtime" name="object_retrieve_id"/>
		<testcase time="0.0" classname="res.sorcery_realtime" name="object_create"/>
		<testcase time="0.0" classname="res.websocket" name="websocket_client_multiple_protocols"/>
		<testcase time="0.1" classname="res.websocket" name="websocket_client_unsupported_protocol"/>
		<testcase time="0.2" classname="res.websocket" name="websocket_client_bad_url"/>
		<testcase time="0.4" classname="res.websocket" name="websocket_client_create_and_connect"/>
		<testcase time="0.1" classname="stasis.channels" name="channel_snapshot_json"/>
		<testcase time="0.3" classname="stasis.channels" name="multi_channel_blob_snapshots"/>
		<testcase time="0.0" classname="stasis.channels" name="multi_channel_blob_create"/>
		<testcase time="0.1" classname="stasis.channels" name="null_blob"/>
		<testcase time="0.1" classname="stasis.channels" name="channel_blob_create"/>
		<testcase time="0.0" classname="stasis.core" name="caching_dtor_order"/>
		<testcase time="0.0" classname="stasis.core" name="dtor_order"/>
		<testcase time="0.0" classname="stasis.core" name="to_ami"/>
		<testcase time="0.0" classname="stasis.core" name="no_to_ami"/>
		<testcase time="0.0" classname="stasis.core" name="to_json"/>
		<testcase time="0.0" classname="stasis.core" name="no_to_json"/>
		<testcase time="0.8" classname="stasis.core" name="subscription_interleaving"/>
		<testcase time="0.3" classname="stasis.core" name="interleaving"/>
		<testcase time="0.100" classname="stasis.core" name="router_cache_updates"/>
		<testcase time="0.0" classname="stasis.core" name="router_pool"/>
		<testcase time="0.1" classname="stasis.core" name="router"/>
		<testcase time="0.1" classname="stasis.core" name="cache_eid_aggregate"/>
		<testcase time="0.0" classname="stasis.core" name="cache_dump"/>
		<testcase time="0.0" classname="stasis.core" name="cache"/>
		<testcase time="0.100" classname="stasis.core" name="cache_filter"/>
		<testcase time="0.2" classname="stasis.core" name="forward"/>
		<testcase time="0.100" classname="stasis.core" name="unsubscribe_stops_messages"/>
		<testcase time="0.0" classname="stasis.core" name="publish_pool"/>
		<testcase time="0.0" classname="stasis.core" name="publish_sync"/>
		<testcase time="0.0" classname="stasis.core" name="publish"/>
		<testcase time="0.0" classname="stasis.core" name="subscription_pool_messages"/>
		<testcase time="0.0" classname="stasis.core" name="subscription_messages"/>
		<testcase time="0.0" classname="stasis.core" name="message"/>
		<testcase time="0.0" classname="stasis.core" name="message_type"/>
		<testcase time="0.2" classname="stasis.endpoints" name="channel_messages"/>
		<testcase time="0.1" classname="stasis.endpoints" name="cache_clear"/>
		<testcase time="0.1" classname="stasis.endpoints" name="state_changes"/>
		<testcase time="0.0" classname="stasis.res" name="app_invoke_dne"/>
		<testcase time="0.0" classname="stasis.res" name="app_invoke_one"/>
		<testcase time="0.0" classname="stasis.res" name="app_replaced"/>
	</testsuite>
</testsuites>
