<?xml version="1.0" encoding="utf-8"?>
<testsuites>
  <testsuite errors="0" failures="11" name="AsteriskTestSuite" skipped="50" tests="956" time="13594.42" timestamp="2018-07-23T18:00:02 EDT">
    <testcase classname="agi" name="exit_status" time="13.54"/>
    <testcase classname="apps.agents.agent_acknowledge" name="agent_acknowledge_error" time="33.35"/>
    <testcase classname="apps.agents.agent_acknowledge" name="nominal" time="37.97"/>
    <testcase classname="apps.agents.agent_login" name="login_errors" time="7.04"/>
    <testcase classname="apps.agents.agent_login" name="nominal" time="5.83"/>
    <testcase classname="apps.agents.agent_request" name="nominal" time="18.06"/>
    <testcase classname="apps.authenticate" name="off_nominal" time="9.60"/>
    <testcase classname="apps.bridge" name="bridge_add" time="63.26">
      <failure>Running tests/apps/bridge/bridge_add ...
[Jul 23 18:02:26] WARNING[29592]: asterisk.test_case:529 _reactor_timeout: Reactor timeout: '15' seconds
[Jul 23 18:03:11] WARNING[29592]: asterisk.asterisk:580 __send_kill: Sending KILL to Asterisk 127.0.0.1
[Jul 23 18:03:11] WARNING[29592]: asterisk.ami:208 __check_result: Event occurred 0 times, which is out of the allowable range
[Jul 23 18:03:11] WARNING[29592]: asterisk.ami:209 __check_result: Event description: {'count': 1, 'conditions': {'match': {'Variable': 'AMDSTATUS', 'Value': 'HUMAN', 'Event': 'VarSet', 'Channel': 'Local/bob@default-00000001;2'}}}
[Jul 23 18:03:11] WARNING[29592]: asterisk.ami:208 __check_result: Event occurred 0 times, which is out of the allowable range
[Jul 23 18:03:11] WARNING[29592]: asterisk.ami:209 __check_result: Event description: {'count': 1, 'conditions': {'match': {'Variable': 'AMDSTATUS', 'Value': 'HUMAN', 'Event': 'VarSet', 'Channel': 'Local/charlie@default-00000002;1'}}}
</failure>
    </testcase>
    <testcase classname="apps.bridge" name="bridge_baseline" time="5.77"/>
    <testcase classname="apps.bridge" name="bridge_transfer_callee" time="4.50"/>
    <testcase classname="apps.bridge.bridge_wait" name="bridge_wait_e_options" time="18.04"/>
    <testcase classname="apps.bridge.bridge_wait" name="bridge_wait_roles" time="10.20"/>
    <testcase classname="apps.bridge.bridge_wait" name="bridge_wait_s_option" time="10.08"/>
    <testcase classname="apps" name="channel_redirect" time="8.20"/>
    <testcase classname="apps.chanspy" name="chanspy_barge" time="13.36"/>
    <testcase classname="apps.chanspy" name="chanspy_w_mixmonitor" time="18.79"/>
    <testcase classname="apps.confbridge" name="confbridge_dynamic_menus" time="38.85"/>
    <testcase classname="apps.confbridge" name="confbridge_end_marked" time="27.54"/>
    <testcase classname="apps.confbridge" name="confbridge_marked" time="20.02"/>
    <testcase classname="apps.confbridge" name="confbridge_marked_unmarked" time="30.33"/>
    <testcase classname="apps.confbridge" name="confbridge_nominal" time="51.60"/>
    <testcase classname="apps.confbridge" name="confbridge_recording" time="22.29"/>
    <testcase classname="apps.confbridge" name="confbridge_result" time="15.06"/>
    <testcase classname="apps.confbridge" name="confbridge_start_muted" time="11.33"/>
    <testcase classname="apps.confbridge" name="confbridge_talking" time="13.79"/>
    <testcase classname="apps.confbridge" name="confbridge_talking_list" time="19.71"/>
    <testcase classname="apps.confbridge" name="confbridge_timeout" time="14.50"/>
    <testcase classname="apps.confbridge" name="confbridge_triple_lindy" time="69.46"/>
    <testcase classname="apps.confbridge" name="confbridge_waitmarked_kick" time="16.55"/>
    <testcase classname="apps.confbridge" name="confbridge_waitmarked_normal" time="40.34"/>
    <testcase classname="apps.confbridge" name="confbridge_waitmarked_only" time="15.60"/>
    <testcase classname="apps.confbridge" name="confbridge_waitmarked_single" time="32.07"/>
    <testcase classname="apps.confbridge" name="muted_conference_start_muted" time="12.76"/>
    <testcase classname="apps.confbridge" name="regcontext" time="4.64"/>
    <testcase classname="apps.control_playback" name="control_forward" time="42.86"/>
    <testcase classname="apps.control_playback" name="control_pause" time="38.30"/>
    <testcase classname="apps.control_playback" name="control_restart" time="43.82"/>
    <testcase classname="apps.control_playback" name="control_reverse" time="61.87"/>
    <testcase classname="apps.control_playback" name="control_stop" time="6.46"/>
    <testcase classname="apps.control_playback" name="nominal" time="20.24"/>
    <testcase classname="apps.control_playback" name="remote_uri" time="14.50"/>
    <testcase classname="apps.dial.action_post_answer" name="called_party_continue" time="9.71"/>
    <testcase classname="apps.dial.action_post_answer" name="caller_continue" time="6.62"/>
    <testcase classname="apps.dial.action_post_answer" name="party_transfer" time="6.11"/>
    <testcase classname="apps.dial" name="dial_answer" time="4.53"/>
    <testcase classname="apps.dial" name="dial_busy" time="4.54"/>
    <testcase classname="apps.dial" name="dial_congestion" time="4.54"/>
    <testcase classname="apps.dial" name="dial_dtmf_hangup_cancel" time="6.14"/>
    <testcase classname="apps.dial" name="dial_hangup" time="5.90"/>
    <testcase classname="apps.dial" name="dial_no_answer" time="4.55"/>
    <testcase classname="apps.dial.dial_parallel" name="dial_parallel_all_busy" time="4.57"/>
    <testcase classname="apps.dial.dial_parallel" name="dial_parallel_all_cancel" time="6.25"/>
    <testcase classname="apps.dial.dial_parallel" name="dial_parallel_all_congestion" time="4.56"/>
    <testcase classname="apps.dial.dial_parallel" name="dial_parallel_all_no_answer" time="4.58"/>
    <testcase classname="apps.dial.dial_parallel" name="dial_parallel_all_unavail" time="4.57"/>
    <testcase classname="apps.dial.dial_parallel" name="dial_parallel_answer_cancel" time="6.43"/>
    <testcase classname="apps.dial.dial_parallel" name="dial_parallel_answer_cancel_cause" time="6.33"/>
    <testcase classname="apps.dial.dial_parallel" name="dial_parallel_single_busy" time="6.45"/>
    <testcase classname="apps.dial.dial_parallel" name="dial_parallel_single_congestion" time="6.41"/>
    <testcase classname="apps.dial.dial_parallel" name="dial_parallel_single_no_answer" time="6.47"/>
    <testcase classname="apps.dial.dial_parallel" name="dial_parallel_single_unavail" time="6.93"/>
    <testcase classname="apps.dial" name="dial_timeout" time="6.85"/>
    <testcase classname="apps.dial" name="dial_unavail" time="4.53"/>
    <testcase classname="apps.dial.mid_call_events" name="dial_gosub" time="7.08"/>
    <testcase classname="apps.dial.mid_call_events" name="dial_macro" time="0.00">
      <skipped>Failed dependency</skipped>
    </testcase>
    <testcase classname="apps.dial" name="peer_h_exten" time="5.70"/>
    <testcase classname="apps.dial.privacy.privacy" name="connect_call" time="23.38"/>
    <testcase classname="apps.dial.privacy.privacy" name="forever_vm" time="21.09"/>
    <testcase classname="apps.dial.privacy.privacy" name="go_away" time="21.08"/>
    <testcase classname="apps.dial.privacy.privacy" name="single_vm" time="21.06"/>
    <testcase classname="apps.dial.privacy.privacy" name="torture" time="21.11"/>
    <testcase classname="apps.dial.privacy.screening" name="connect_call" time="23.40"/>
    <testcase classname="apps.dial.privacy.screening" name="go_away" time="20.31"/>
    <testcase classname="apps.dial.privacy.screening" name="single_vm" time="20.33"/>
    <testcase classname="apps.dial.privacy.screening" name="torture" time="20.43"/>
    <testcase classname="apps.directed_pickup" name="pickup" time="10.14"/>
    <testcase classname="apps.directed_pickup" name="pickup_chan" time="4.67"/>
    <testcase classname="apps.directory" name="directory_attendant_exit" time="9.35"/>
    <testcase classname="apps.directory" name="directory_context_operator_exit" time="9.32"/>
    <testcase classname="apps.directory" name="directory_operator_exit" time="9.32"/>
    <testcase classname="apps.directory" name="directory_result" time="44.03"/>
    <testcase classname="apps.disa.nominal" name="authenticate" time="7.78"/>
    <testcase classname="apps.disa.nominal" name="no_authentication" time="6.05"/>
    <testcase classname="apps.disa.nominal" name="no_context" time="6.05"/>
    <testcase classname="apps.disa.off_nominal" name="bad_auth" time="16.40"/>
    <testcase classname="apps.disa.off_nominal" name="invalid_exten" time="6.05"/>
    <testcase classname="apps.incomplete" name="sip_incomplete" time="7.79"/>
    <testcase classname="apps.macro" name="park_timeout_inside" time="0.00">
      <skipped>Failed dependency</skipped>
    </testcase>
    <testcase classname="apps.macro" name="park_timeout_outside" time="0.00">
      <skipped>Failed dependency</skipped>
    </testcase>
    <testcase classname="apps.macro" name="redirect_inside" time="0.00">
      <skipped>Failed dependency</skipped>
    </testcase>
    <testcase classname="apps.macro" name="redirect_outside" time="0.00">
      <skipped>Failed dependency</skipped>
    </testcase>
    <testcase classname="apps" name="mixmonitor" time="16.47"/>
    <testcase classname="apps" name="mixmonitor_audiohook_inherit" time="30.26"/>
    <testcase classname="apps" name="mixmonitor_func" time="4.49"/>
    <testcase classname="apps" name="mixmonitor_rxtx" time="26.66"/>
    <testcase classname="apps.page" name="page_baseline" time="34.93"/>
    <testcase classname="apps.page" name="page_predial" time="7.85"/>
    <testcase classname="apps.playback" name="nominal" time="6.51"/>
    <testcase classname="apps.playback" name="remote_forward" time="17.30"/>
    <testcase classname="apps.playback" name="remote_pause" time="4.53"/>
    <testcase classname="apps.playback" name="remote_restart" time="4.51"/>
    <testcase classname="apps.playback" name="remote_reverse" time="20.30"/>
    <testcase classname="apps.playback" name="remote_stop" time="4.51"/>
    <testcase classname="apps.playback" name="remote_uri" time="34.95"/>
    <testcase classname="apps.queues" name="macro_gosub_test" time="0.00">
      <skipped>Skip while failures are debugged</skipped>
    </testcase>
    <testcase classname="apps.queues" name="position_priority_maxlen" time="0.00">
      <skipped>Failed dependency</skipped>
    </testcase>
    <testcase classname="apps.queues" name="queue_all_paused_no_answer" time="8.65"/>
    <testcase classname="apps.queues" name="queue_baseline" time="5.10"/>
    <testcase classname="apps.queues" name="queue_member_forward" time="5.20"/>
    <testcase classname="apps.queues" name="queue_no_answer" time="8.64"/>
    <testcase classname="apps.queues" name="queue_one_paused_no_answer" time="8.67"/>
    <testcase classname="apps.queues" name="queue_penalty_outside_range" time="10.58"/>
    <testcase classname="apps.queues" name="queue_transfer_callee" time="13.86"/>
    <testcase classname="apps.queues" name="reason_pause_ami" time="33.51"/>
    <testcase classname="apps.queues" name="reload_queue_members" time="4.49"/>
    <testcase classname="apps.queues" name="ringinuse_and_pause" time="0.00">
      <skipped>Skip while failures are debugged</skipped>
    </testcase>
    <testcase classname="apps.queues" name="set_penalty" time="3.48"/>
    <testcase classname="apps.queues.transfer" name="caller_attended" time="49.25"/>
    <testcase classname="apps.queues.transfer" name="caller_blind" time="48.97">
      <failure>Running tests/apps/queues/transfer/caller_blind ...
[Jul 23 18:30:53] WARNING[7580]: asterisk.asterisk:580 __send_kill: Sending KILL to Asterisk 127.0.0.1
[Jul 23 18:30:53] WARNING[7580]: asterisk.ami:208 __check_result: Event occurred 0 times, which is out of the allowable range
[Jul 23 18:30:53] WARNING[7580]: asterisk.ami:209 __check_result: Event description: {'count': 1, 'conditions': {'match': {'MemberName': 'PJSIP/bob', 'Reason': 'transfer', 'Event': 'AgentComplete', 'Channel': 'PJSIP/alice-.*'}}}
</failure>
    </testcase>
    <testcase classname="apps.queues" name="wrapup_time" time="0.00">
      <skipped>Skip while failures are debugged</skipped>
    </testcase>
    <testcase classname="apps" name="say_interrupt" time="48.03"/>
    <testcase classname="apps.sendtext" name="basic" time="6.01"/>
    <testcase classname="apps.sendtext" name="enhanced" time="6.20"/>
    <testcase classname="apps.statsd" name="nominal" time="0.00">
      <skipped>Failed dependency</skipped>
    </testcase>
    <testcase classname="apps.statsd.off_nominal" name="empty_params" time="0.00">
      <skipped>Failed dependency</skipped>
    </testcase>
    <testcase classname="apps.statsd.off_nominal" name="invalid_metric" time="0.00">
      <skipped>Failed dependency</skipped>
    </testcase>
    <testcase classname="apps.statsd.off_nominal" name="invalid_sample_rate" time="0.00">
      <skipped>Failed dependency</skipped>
    </testcase>
    <testcase classname="apps.statsd.off_nominal" name="invalid_value" time="0.00">
      <skipped>Failed dependency</skipped>
    </testcase>
    <testcase classname="apps.statsd.off_nominal" name="invalid_variable" time="0.00">
      <skipped>Failed dependency</skipped>
    </testcase>
    <testcase classname="apps.statsd.off_nominal" name="no_metric" time="0.00">
      <skipped>Failed dependency</skipped>
    </testcase>
    <testcase classname="apps.statsd.off_nominal" name="no_value" time="0.00">
      <skipped>Failed dependency</skipped>
    </testcase>
    <testcase classname="apps.statsd.off_nominal" name="no_variable" time="0.00">
      <skipped>Failed dependency</skipped>
    </testcase>
    <testcase classname="apps.voicemail" name="authenticate_extensions" time="8.16"/>
    <testcase classname="apps.voicemail" name="authenticate_invalid_mailbox" time="16.11"/>
    <testcase classname="apps.voicemail" name="authenticate_invalid_password" time="25.83"/>
    <testcase classname="apps.voicemail" name="authenticate_nominal" time="16.44"/>
    <testcase classname="apps.voicemail" name="check_voicemail_callback" time="32.06"/>
    <testcase classname="apps.voicemail" name="check_voicemail_delete" time="48.01"/>
    <testcase classname="apps.voicemail" name="check_voicemail_dialout" time="37.42"/>
    <testcase classname="apps.voicemail" name="check_voicemail_envelope" time="46.26"/>
    <testcase classname="apps.voicemail" name="check_voicemail_forward" time="43.36"/>
    <testcase classname="apps.voicemail" name="check_voicemail_forward_hangup" time="39.25"/>
    <testcase classname="apps.voicemail" name="check_voicemail_forward_with_prepend" time="46.51"/>
    <testcase classname="apps.voicemail" name="check_voicemail_new_user" time="57.21"/>
    <testcase classname="apps.voicemail" name="check_voicemail_new_user_hangup" time="48.96"/>
    <testcase classname="apps.voicemail" name="check_voicemail_nominal" time="84.06"/>
    <testcase classname="apps.voicemail" name="check_voicemail_options_change_password" time="39.14"/>
    <testcase classname="apps.voicemail" name="check_voicemail_options_change_password_spooldir" time="19.81"/>
    <testcase classname="apps.voicemail" name="check_voicemail_options_record_busy" time="24.30"/>
    <testcase classname="apps.voicemail" name="check_voicemail_options_record_name" time="23.26"/>
    <testcase classname="apps.voicemail" name="check_voicemail_options_record_temp" time="28.23"/>
    <testcase classname="apps.voicemail" name="check_voicemail_options_record_unavail" time="24.30"/>
    <testcase classname="apps.voicemail" name="check_voicemail_reply" time="39.62"/>
    <testcase classname="apps.voicemail" name="check_voicemail_while_leaving_msg" time="0.00">
      <skipped>Leave voicemail has timing problems.  This needs to be fixed to be consistently reliable.</skipped>
    </testcase>
    <testcase classname="apps.voicemail" name="func_vmcount" time="4.52"/>
    <testcase classname="apps.voicemail" name="leave_voicemail_contexts" time="99.07"/>
    <testcase classname="apps.voicemail" name="leave_voicemail_external_notification" time="0.00">
      <skipped>External files not being created in tmp location during test execution, needs debugging</skipped>
    </testcase>
    <testcase classname="apps.voicemail" name="leave_voicemail_forwarding" time="37.62"/>
    <testcase classname="apps.voicemail" name="leave_voicemail_forwarding_auto_urgent" time="20.94"/>
    <testcase classname="apps.voicemail" name="leave_voicemail_nominal" time="81.22"/>
    <testcase classname="apps.voicemail" name="leave_voicemail_priority" time="37.50"/>
    <testcase classname="apps.voicemail" name="play_message" time="7.42"/>
    <testcase classname="apps" name="waitdigit" time="6.74"/>
    <testcase classname="asyncagi" name="asyncagi_break" time="20.38"/>
    <testcase classname="" name="blind_transfer_parkingtimeout" time="0.00">
      <skipped>Skip while failures are debugged</skipped>
    </testcase>
    <testcase classname="bridge" name="atxfer_fail_blonde" time="13.71"/>
    <testcase classname="bridge" name="atxfer_nominal" time="27.93"/>
    <testcase classname="bridge" name="atxfer_retries" time="25.88"/>
    <testcase classname="bridge" name="atxfer_setup" time="90.30"/>
    <testcase classname="bridge" name="atxfer_threeway_nominal" time="25.74"/>
    <testcase classname="bridge" name="automixmon" time="21.57"/>
    <testcase classname="bridge" name="automixmon_bridgefeatures" time="21.48"/>
    <testcase classname="bridge" name="automon" time="21.53"/>
    <testcase classname="bridge" name="automon_bridgefeatures" time="21.53"/>
    <testcase classname="bridge" name="blindxfer_nominal" time="25.96"/>
    <testcase classname="bridge" name="blindxfer_setup" time="90.27"/>
    <testcase classname="bridge" name="blonde_nominal" time="23.60"/>
    <testcase classname="bridge" name="bridge_action" time="49.29"/>
    <testcase classname="bridge" name="connected_line_update" time="11.44"/>
    <testcase classname="bridge" name="dial_LS_options" time="56.66"/>
    <testcase classname="bridge" name="disconnect" time="26.20"/>
    <testcase classname="bridge" name="feature_timeout_hangup" time="6.25"/>
    <testcase classname="bridge" name="hold_redirect" time="9.16"/>
    <testcase classname="bridge" name="parkcall" time="25.03"/>
    <testcase classname="bridge" name="parkcall_blindxfer" time="56.30"/>
    <testcase classname="bridge" name="parkcall_bridgefeatures" time="24.99"/>
    <testcase classname="bridge.parkcall_timeout" name="comebacktoorigin_no" time="38.90"/>
    <testcase classname="bridge.parkcall_timeout" name="comebacktoorigin_yes" time="58.41"/>
    <testcase classname="bridge" name="simple_bridge" time="17.38"/>
    <testcase classname="bridge" name="transfer_capabilities" time="108.57"/>
    <testcase classname="bridge" name="transfer_capabilities_bridgefeatures" time="107.76"/>
    <testcase classname="bridge" name="transfer_failure" time="105.62"/>
    <testcase classname="" name="callparking" time="30.81"/>
    <testcase classname="" name="callparking_retrieval" time="59.94"/>
    <testcase classname="" name="cause_answered_elsewhere" time="4.54"/>
    <testcase classname="cdr" name="app_dial_G_flag" time="0.00">
      <skipped>Skip while failures are debugged</skipped>
    </testcase>
    <testcase classname="cdr" name="app_queue" time="0.00">
      <skipped>Skip while failures are debugged</skipped>
    </testcase>
    <testcase classname="cdr" name="batch_cdrs" time="9.88"/>
    <testcase classname="cdr" name="cdr_bridge_multi" time="5.69">
      <failure>Running tests/cdr/cdr_bridge_multi ...
[Jul 23 19:10:03] WARNING[19976]: twisted:154 publishToNewObserver: dropping connection to peer tcp4:127.0.0.1:8088 with abort=False: None
[Jul 23 19:10:03] WARNING[19976]: asterisk.astcsv:131 match: CSV MATCH FAILED, different number of records, self=18 and other=17
[Jul 23 19:10:03] ERROR[19976]: asterisk.cdr:90 match_cdrs: Master.csv: actual did not match expected.
</failure>
    </testcase>
    <testcase classname="cdr" name="cdr_dial_subroutines" time="0.00">
      <skipped>Failed dependency</skipped>
    </testcase>
    <testcase classname="cdr.cdr_manipulation" name="cdr_fork_end_time" time="12.91"/>
    <testcase classname="cdr.cdr_manipulation" name="cdr_prop_disable" time="6.19"/>
    <testcase classname="cdr.cdr_manipulation" name="console_fork_after_busy_forward" time="8.29"/>
    <testcase classname="cdr.cdr_manipulation" name="console_fork_before_dial" time="10.03"/>
    <testcase classname="cdr.cdr_manipulation" name="func_cdr" time="7.86"/>
    <testcase classname="cdr.cdr_manipulation" name="nocdr" time="4.58"/>
    <testcase classname="cdr" name="cdr_originate_sip_congestion_log" time="5.88"/>
    <testcase classname="cdr.cdr_properties" name="blind_transfer_accountcode" time="7.17"/>
    <testcase classname="cdr.cdr_properties" name="cdr_accountcode" time="6.25"/>
    <testcase classname="cdr.cdr_properties" name="cdr_userfield" time="6.18"/>
    <testcase classname="cdr" name="cdr_unanswered_yes" time="5.60"/>
    <testcase classname="cdr" name="console_dial_sip_answer" time="6.11"/>
    <testcase classname="cdr" name="console_dial_sip_busy" time="5.65"/>
    <testcase classname="cdr" name="console_dial_sip_congestion" time="5.46"/>
    <testcase classname="cdr" name="console_dial_sip_transfer" time="5.96"/>
    <testcase classname="cdr" name="originate_cdr_disposition" time="11.87"/>
    <testcase classname="cdr" name="sqlite3" time="8.79"/>
    <testcase classname="channels.SIP" name="SDP_attribute_passthrough" time="4.92"/>
    <testcase classname="channels.SIP" name="SDP_offer_answer" time="4.50"/>
    <testcase classname="channels.SIP" name="acl_call" time="4.49"/>
    <testcase classname="channels.SIP" name="alwaysauthreject" time="4.51"/>
    <testcase classname="channels.SIP.ami.sip_notify" name="call_id" time="4.59"/>
    <testcase classname="channels.SIP.ami.sip_notify" name="content" time="4.51"/>
    <testcase classname="channels.SIP.ami.sip_notify" name="custom_headers" time="4.51"/>
    <testcase classname="channels.SIP" name="custom_info" time="4.48"/>
    <testcase classname="channels.SIP" name="device_state_notification" time="9.25"/>
    <testcase classname="channels.SIP" name="direct_rtp_fallback" time="76.91"/>
    <testcase classname="channels.SIP" name="directrtpsetup" time="20.57"/>
    <testcase classname="channels.SIP" name="generic_ccss" time="0.00">
      <skipped>Failed dependency</skipped>
    </testcase>
    <testcase classname="channels.SIP" name="handle_response_address_incomplete" time="6.95"/>
    <testcase classname="channels.SIP" name="handle_response_refer" time="0.00">
      <skipped>Skip while failures are debugged</skipped>
    </testcase>
    <testcase classname="channels.SIP" name="hangupcause" time="6.05"/>
    <testcase classname="channels.SIP" name="header_parsing" time="3.52"/>
    <testcase classname="channels.SIP" name="info_dtmf" time="14.93"/>
    <testcase classname="channels.SIP" name="invite_no_totag" time="3.57"/>
    <testcase classname="channels.SIP" name="invite_retransmit" time="6.07"/>
    <testcase classname="channels.SIP" name="message_auth" time="3.57"/>
    <testcase classname="channels.SIP" name="message_auth_cust_hdr" time="3.53"/>
    <testcase classname="channels.SIP" name="message_disabled" time="3.53"/>
    <testcase classname="channels.SIP" name="message_from_call" time="7.45"/>
    <testcase classname="channels.SIP" name="message_mark_all_outbound" time="3.58"/>
    <testcase classname="channels.SIP" name="message_send_ami" time="4.58"/>
    <testcase classname="channels.SIP" name="message_unauth" time="3.58"/>
    <testcase classname="channels.SIP" name="message_unauth_from" time="4.53"/>
    <testcase classname="channels.SIP" name="nat_supertest" time="0.00">
      <skipped>See ASTERISK-19565</skipped>
    </testcase>
    <testcase classname="channels.SIP" name="no_ack_dialog_cleanup" time="17.11"/>
    <testcase classname="channels.SIP" name="no_reinvite_after_491" time="6.57"/>
    <testcase classname="channels.SIP" name="noload_res_srtp" time="5.34"/>
    <testcase classname="channels.SIP" name="noload_res_srtp_attempt_srtp" time="5.34"/>
    <testcase classname="channels.SIP" name="options" time="3.56"/>
    <testcase classname="channels.SIP" name="outbound_register_from" time="9.78"/>
    <testcase classname="channels.SIP" name="outbound_reregister_from" time="77.83"/>
    <testcase classname="channels.SIP" name="path" time="0.00">
      <skipped>See ASTERISK-27570</skipped>
    </testcase>
    <testcase classname="channels.SIP" name="pcap_demo" time="0.00">
      <skipped>True</skipped>
    </testcase>
    <testcase classname="channels.SIP" name="realtime_nosipregs" time="0.00">
      <skipped>Failed dependency</skipped>
    </testcase>
    <testcase classname="channels.SIP" name="realtime_sipregs" time="0.00">
      <skipped>Failed dependency</skipped>
    </testcase>
    <testcase classname="channels.SIP" name="redirecting_reason" time="13.48"/>
    <testcase classname="channels.SIP" name="refer_replaces_to_self" time="0.00">
      <skipped>See ASTERISK-22392</skipped>
    </testcase>
    <testcase classname="channels.SIP.register_forbidden_retry" name="no_retry" time="23.93"/>
    <testcase classname="channels.SIP.register_forbidden_retry" name="retry" time="12.30"/>
    <testcase classname="channels.SIP" name="rfc2833_dtmf_detect" time="5.81"/>
    <testcase classname="channels.SIP" name="route" time="4.50"/>
    <testcase classname="channels.SIP" name="secure_bridge_media" time="5.19"/>
    <testcase classname="channels.SIP.sendrpid.pai.trust_legacy" name="pres_allow" time="4.50"/>
    <testcase classname="channels.SIP.sendrpid.pai.trust_legacy" name="pres_prohib" time="4.51"/>
    <testcase classname="channels.SIP.sendrpid.pai.trust_no" name="pres_allow" time="4.53"/>
    <testcase classname="channels.SIP.sendrpid.pai.trust_no" name="pres_prohib" time="4.59"/>
    <testcase classname="channels.SIP.sendrpid.pai.trust_yes" name="pres_allow" time="4.58"/>
    <testcase classname="channels.SIP.sendrpid.pai.trust_yes" name="pres_prohib" time="4.53"/>
    <testcase classname="channels.SIP.sendrpid.rpid.trust_legacy" name="pres_allow" time="4.53"/>
    <testcase classname="channels.SIP.sendrpid.rpid.trust_legacy" name="pres_prohib" time="4.64"/>
    <testcase classname="channels.SIP.sendrpid.rpid.trust_no" name="pres_allow" time="4.52"/>
    <testcase classname="channels.SIP.sendrpid.rpid.trust_no" name="pres_prohib" time="4.54"/>
    <testcase classname="channels.SIP.sendrpid.rpid.trust_yes" name="pres_allow" time="4.58"/>
    <testcase classname="channels.SIP.sendrpid.rpid.trust_yes" name="pres_prohib" time="4.52"/>
    <testcase classname="channels.SIP.session_timers" name="basic_uac_refresh" time="48.77"/>
    <testcase classname="channels.SIP.session_timers" name="basic_uac_teardown" time="63.69"/>
    <testcase classname="channels.SIP.session_timers" name="basic_uas_refresh" time="48.52"/>
    <testcase classname="channels.SIP.session_timers" name="basic_uas_teardown" time="63.50"/>
    <testcase classname="channels.SIP.session_timers" name="check_require" time="4.57"/>
    <testcase classname="channels.SIP.session_timers" name="uac_multiple_422_accept" time="4.59"/>
    <testcase classname="channels.SIP.session_timers" name="uac_multiple_422_originate" time="4.56"/>
    <testcase classname="channels.SIP.session_timers" name="uac_refresher_at_200" time="138.55"/>
    <testcase classname="channels.SIP.session_timers" name="uac_se_below_minse" time="4.52"/>
    <testcase classname="channels.SIP.session_timers" name="uas_minimum_se" time="4.59"/>
    <testcase classname="channels.SIP.session_timers.uas_originate" name="large_minse_large_se" time="4.58"/>
    <testcase classname="channels.SIP.session_timers.uas_originate" name="large_minse_no_se" time="4.54"/>
    <testcase classname="channels.SIP.session_timers.uas_originate" name="medium_minse_large_se" time="4.59"/>
    <testcase classname="channels.SIP.session_timers.uas_originate" name="medium_minse_medium_se" time="4.57"/>
    <testcase classname="channels.SIP.session_timers.uas_originate" name="medium_minse_no_se" time="4.61"/>
    <testcase classname="channels.SIP.session_timers.uas_originate" name="no_minse_large_se" time="4.53"/>
    <testcase classname="channels.SIP.session_timers.uas_originate" name="no_minse_medium_se" time="4.54"/>
    <testcase classname="channels.SIP.session_timers.uas_originate" name="no_minse_no_se" time="4.56"/>
    <testcase classname="channels.SIP.session_timers.uas_originate" name="no_minse_small_se" time="4.56"/>
    <testcase classname="channels.SIP.session_timers.uas_originate" name="small_minse_large_se" time="4.56"/>
    <testcase classname="channels.SIP.session_timers.uas_originate" name="small_minse_medium_se" time="3.52"/>
    <testcase classname="channels.SIP.session_timers.uas_originate" name="small_minse_no_se" time="4.68"/>
    <testcase classname="channels.SIP.session_timers.uas_originate" name="small_minse_small_se" time="3.62"/>
    <testcase classname="channels.SIP" name="sip2cause" time="4.67"/>
    <testcase classname="channels.SIP" name="sip_attended_transfer" time="48.94"/>
    <testcase classname="channels.SIP" name="sip_attended_transfer_tcp" time="0.00">
      <skipped>See ASTERISK-20614</skipped>
    </testcase>
    <testcase classname="channels.SIP" name="sip_attended_transfer_v6" time="0.00">
      <skipped>See ASTERISK-20616</skipped>
    </testcase>
    <testcase classname="channels.SIP.sip_blind_transfer" name="callee_refer_only" time="4.77"/>
    <testcase classname="channels.SIP.sip_blind_transfer" name="callee_with_reinvite" time="4.94"/>
    <testcase classname="channels.SIP.sip_blind_transfer" name="caller_refer_only" time="4.84"/>
    <testcase classname="channels.SIP.sip_blind_transfer" name="caller_with_reinvite" time="4.94"/>
    <testcase classname="channels.SIP" name="sip_bye_also" time="7.99"/>
    <testcase classname="channels.SIP" name="sip_cause" time="8.03"/>
    <testcase classname="channels.SIP" name="sip_channel_params" time="0.00">
      <skipped>Failed dependency</skipped>
    </testcase>
    <testcase classname="channels.SIP.sip_custom_presence" name="multiple_state_change" time="4.59"/>
    <testcase classname="channels.SIP.sip_custom_presence" name="nominal_state_change" time="4.80"/>
    <testcase classname="channels.SIP.sip_custom_presence" name="non_digium_state_change" time="5.64"/>
    <testcase classname="channels.SIP.sip_custom_presence" name="resubscribe" time="5.82"/>
    <testcase classname="channels.SIP" name="sip_hold" time="62.71"/>
    <testcase classname="channels.SIP" name="sip_hold_direct_media" time="25.37"/>
    <testcase classname="channels.SIP" name="sip_hold_ice" time="12.04"/>
    <testcase classname="channels.SIP" name="sip_hold_no_moh" time="16.76"/>
    <testcase classname="channels.SIP" name="sip_one_legged_transfer" time="0.00">
      <skipped>Skip while failures are debugged - see ASTERISK-23543</skipped>
    </testcase>
    <testcase classname="channels.SIP" name="sip_one_legged_transfer_v6" time="0.00">
      <skipped>Skip while failures are debugged</skipped>
    </testcase>
    <testcase classname="channels.SIP" name="sip_outbound_address" time="6.09"/>
    <testcase classname="channels.SIP" name="sip_outbound_proxy" time="6.48"/>
    <testcase classname="channels.SIP" name="sip_register" time="3.53"/>
    <testcase classname="channels.SIP" name="sip_register_domain_acl" time="5.60"/>
    <testcase classname="channels.SIP.sip_srtp" name="srtp_call" time="5.15"/>
    <testcase classname="channels.SIP.sip_srtp" name="srtp_sdp_offer_answer" time="19.92">
      <failure>Running tests/channels/SIP/sip_srtp/srtp_sdp_offer_answer ...
[Jul 23 19:31:55] WARNING[30144]: asterisk.sipp:524 processEnded: Resolving remote host '127.0.0.1'... Done.
</failure>
    </testcase>
    <testcase classname="channels.SIP" name="sip_tls_call" time="7.49"/>
    <testcase classname="channels.SIP" name="sip_tls_register" time="3.55"/>
    <testcase classname="channels.SIP" name="sip_unregister" time="4.57"/>
    <testcase classname="channels.SIP" name="subscribe" time="4.62"/>
    <testcase classname="channels.SIP.tcpauthlimit" name="sipp_client_scenario" time="5.89"/>
    <testcase classname="channels.SIP.tcpauthlimit" name="tcp_client_scenario" time="8.31"/>
    <testcase classname="channels.SIP.tcpauthtimeout" name="timeout_should_happen" time="8.37"/>
    <testcase classname="channels.SIP.tcpauthtimeout" name="timeout_should_not_happen" time="10.87"/>
    <testcase classname="channels.SIP" name="tel_uri" time="8.13"/>
    <testcase classname="channels.SIP" name="use_contact_from_200" time="6.89"/>
    <testcase classname="channels.iax2" name="acl_call" time="6.36"/>
    <testcase classname="channels.iax2" name="basic_call" time="6.61"/>
    <testcase classname="channels.iax2" name="hangupcause" time="8.49"/>
    <testcase classname="channels.local" name="local_app" time="4.69"/>
    <testcase classname="channels.local" name="local_call" time="5.39"/>
    <testcase classname="channels.local" name="local_holding_bridge" time="8.74"/>
    <testcase classname="channels.local" name="local_loop" time="4.70"/>
    <testcase classname="channels.local" name="local_optimize_away" time="4.84"/>
    <testcase classname="channels.pjsip" name="accountcode" time="4.77"/>
    <testcase classname="channels.pjsip" name="acl_call" time="4.52"/>
    <testcase classname="channels.pjsip" name="allow_overlap" time="4.56"/>
    <testcase classname="channels.pjsip.ami.pjsip_notify" name="channel" time="4.55"/>
    <testcase classname="channels.pjsip.ami.pjsip_notify" name="content" time="4.85"/>
    <testcase classname="channels.pjsip.ami.pjsip_notify" name="custom_headers" time="4.73"/>
    <testcase classname="channels.pjsip.ami.pjsip_notify" name="reserved_headers" time="4.64"/>
    <testcase classname="channels.pjsip.ami.pjsip_notify" name="to_uri" time="4.55"/>
    <testcase classname="channels.pjsip.ami" name="pjsip_qualify" time="4.62"/>
    <testcase classname="channels.pjsip.ami" name="show_endpoint" time="4.62"/>
    <testcase classname="channels.pjsip.ami" name="show_endpoints" time="4.54"/>
    <testcase classname="channels.pjsip.ami" name="show_registration_inbound_contact_statuses" time="4.56"/>
    <testcase classname="channels.pjsip.ami" name="show_registrations_inbound" time="4.56"/>
    <testcase classname="channels.pjsip.ami" name="show_registrations_outbound" time="4.60"/>
    <testcase classname="channels.pjsip.ami" name="show_subscriptions" time="4.55"/>
    <testcase classname="channels.pjsip" name="auth_security_events" time="4.58"/>
    <testcase classname="channels.pjsip.basic_calls.incoming.nominal.authed.md5" name="ident_by_header" time="61.76"/>
    <testcase classname="channels.pjsip.basic_calls.incoming.nominal.authed.md5" name="ident_by_host" time="61.78"/>
    <testcase classname="channels.pjsip.basic_calls.incoming.nominal.authed.md5" name="ident_by_user" time="61.86"/>
    <testcase classname="channels.pjsip.basic_calls.incoming.nominal.authed.md5" name="ident_by_user_drop_options" time="61.83"/>
    <testcase classname="channels.pjsip.basic_calls.incoming.nominal.authed.userpass" name="ident_by_auth_user" time="4.58"/>
    <testcase classname="channels.pjsip.basic_calls.incoming.nominal.authed.userpass" name="ident_by_header" time="61.93"/>
    <testcase classname="channels.pjsip.basic_calls.incoming.nominal.authed.userpass" name="ident_by_host" time="61.64"/>
    <testcase classname="channels.pjsip.basic_calls.incoming.nominal.authed.userpass" name="ident_by_user" time="61.61"/>
    <testcase classname="channels.pjsip.basic_calls.incoming.nominal.authed.userpass" name="ident_by_user_drop_options" time="61.65"/>
    <testcase classname="channels.pjsip.basic_calls.incoming.nominal" name="peer_in_dialog_auths" time="8.28"/>
    <testcase classname="channels.pjsip.basic_calls.incoming.nominal.unauthed" name="ident_by_header" time="61.54"/>
    <testcase classname="channels.pjsip.basic_calls.incoming.nominal.unauthed" name="ident_by_host" time="61.53"/>
    <testcase classname="channels.pjsip.basic_calls.incoming.nominal.unauthed" name="ident_by_host_only" time="7.79"/>
    <testcase classname="channels.pjsip.basic_calls.incoming.nominal.unauthed" name="ident_by_user" time="9.07"/>
    <testcase classname="channels.pjsip.basic_calls.incoming.nominal.unauthed" name="ident_by_user_drop_options" time="8.99"/>
    <testcase classname="channels.pjsip.basic_calls.incoming.off_nominal" name="bare_ack" time="5.06"/>
    <testcase classname="channels.pjsip.basic_calls.incoming.off_nominal" name="incompatible_codecs" time="4.86"/>
    <testcase classname="channels.pjsip.basic_calls.incoming.off_nominal" name="invalid_sdp" time="6.91"/>
    <testcase classname="channels.pjsip.basic_calls.incoming.off_nominal" name="md5" time="4.84"/>
    <testcase classname="channels.pjsip.basic_calls.incoming.off_nominal" name="unknown_user" time="4.53"/>
    <testcase classname="channels.pjsip.basic_calls.incoming.off_nominal.userpass" name="ident_by_auth_user" time="4.53"/>
    <testcase classname="channels.pjsip.basic_calls.incoming.off_nominal.userpass" name="wrong_credentials" time="4.58"/>
    <testcase classname="channels.pjsip.basic_calls.outgoing.nominal" name="auth" time="5.25"/>
    <testcase classname="channels.pjsip.basic_calls.outgoing.nominal" name="early_media" time="4.53"/>
    <testcase classname="channels.pjsip.basic_calls.outgoing.nominal" name="echo" time="34.40"/>
    <testcase classname="channels.pjsip.basic_calls.outgoing.nominal" name="nat" time="4.57"/>
    <testcase classname="channels.pjsip.basic_calls.outgoing.nominal" name="peer_in_dialog_auths" time="4.60"/>
    <testcase classname="channels.pjsip.basic_calls.outgoing.nominal" name="playback" time="34.66"/>
    <testcase classname="channels.pjsip.basic_calls.outgoing.off_nominal" name="bob_does_not_answer" time="6.12"/>
    <testcase classname="channels.pjsip.basic_calls.outgoing.off_nominal" name="bob_does_not_exist" time="36.19"/>
    <testcase classname="channels.pjsip.basic_calls.outgoing.off_nominal" name="bob_incompatible_codecs" time="4.62"/>
    <testcase classname="channels.pjsip.basic_calls.outgoing.off_nominal" name="bob_is_busy" time="4.61"/>
    <testcase classname="channels.pjsip.basic_calls.outgoing.off_nominal" name="call_canceled" time="16.04"/>
    <testcase classname="channels.pjsip.basic_calls.two_parties.nominal.alice_initiated" name="alice_hangs_up" time="36.54"/>
    <testcase classname="channels.pjsip.basic_calls.two_parties.nominal.alice_initiated" name="bob_hangs_up" time="36.29"/>
    <testcase classname="channels.pjsip.basic_calls.two_parties.nominal.alice_initiated" name="requested_capabilities" time="36.03"/>
    <testcase classname="channels.pjsip" name="call_pickup" time="15.02"/>
    <testcase classname="channels.pjsip.config_wizard" name="hints" time="4.55"/>
    <testcase classname="channels.pjsip.config_wizard" name="phone" time="4.59"/>
    <testcase classname="channels.pjsip.config_wizard" name="registration" time="35.27"/>
    <testcase classname="channels.pjsip.config_wizard" name="trunk" time="4.67"/>
    <testcase classname="channels.pjsip.configuration" name="duplicate_sections" time="13.43"/>
    <testcase classname="channels.pjsip.configuration" name="happy_config" time="4.64"/>
    <testcase classname="channels.pjsip" name="cseq_method" time="4.51"/>
    <testcase classname="channels.pjsip.dialplan_functions" name="chan_is_avail" time="4.77"/>
    <testcase classname="channels.pjsip.dialplan_functions" name="pjsip_aor" time="5.57"/>
    <testcase classname="channels.pjsip.dialplan_functions" name="pjsip_channel" time="8.85"/>
    <testcase classname="channels.pjsip.dialplan_functions" name="pjsip_channel2" time="4.64"/>
    <testcase classname="channels.pjsip.dialplan_functions" name="pjsip_contact" time="9.62"/>
    <testcase classname="channels.pjsip.dialplan_functions" name="pjsip_dtmfmode" time="4.51"/>
    <testcase classname="channels.pjsip.dialplan_functions" name="pjsip_endpoint" time="7.58"/>
    <testcase classname="channels.pjsip.dialplan_functions" name="pjsip_header" time="6.72"/>
    <testcase classname="channels.pjsip.dialplan_functions" name="pjsip_session_refresh" time="23.46"/>
    <testcase classname="channels.pjsip.diversion" name="diversion_basic" time="6.82"/>
    <testcase classname="channels.pjsip.diversion" name="diversion_basic_drop_options" time="6.80"/>
    <testcase classname="channels.pjsip.diversion" name="diversion_caller_id" time="4.51"/>
    <testcase classname="channels.pjsip.diversion" name="diversion_request" time="4.49"/>
    <testcase classname="channels.pjsip.diversion" name="diversion_request_drop_options" time="4.50"/>
    <testcase classname="channels.pjsip.diversion" name="diversion_response" time="4.52"/>
    <testcase classname="channels.pjsip.diversion" name="diversion_response_drop_options" time="4.60"/>
    <testcase classname="channels.pjsip" name="dtmf_incompatible" time="4.84"/>
    <testcase classname="channels.pjsip" name="dtmf_info_fallback" time="12.01"/>
    <testcase classname="channels.pjsip" name="forward_loop" time="5.35"/>
    <testcase classname="channels.pjsip" name="handle_options_request" time="4.62"/>
    <testcase classname="channels.pjsip" name="handle_options_request_drop_options" time="4.53"/>
    <testcase classname="channels.pjsip.headers" name="anonymous_from_basic_call" time="4.77"/>
    <testcase classname="channels.pjsip.headers" name="no_contact" time="4.54"/>
    <testcase classname="channels.pjsip.headers" name="non_anonymous_from_basic_call" time="4.87"/>
    <testcase classname="channels.pjsip" name="hold" time="48.86"/>
    <testcase classname="channels.pjsip" name="hold_ice" time="15.34"/>
    <testcase classname="channels.pjsip" name="hold_inactive" time="42.41"/>
    <testcase classname="channels.pjsip.identify" name="header" time="4.54"/>
    <testcase classname="channels.pjsip.identify" name="header_or_ip" time="4.53"/>
    <testcase classname="channels.pjsip.identify" name="header_ordering_header_ip" time="4.54"/>
    <testcase classname="channels.pjsip.identify" name="header_ordering_ip_header" time="4.54"/>
    <testcase classname="channels.pjsip.identify" name="ordering" time="5.62"/>
    <testcase classname="channels.pjsip" name="in_dialog_invite_replaces" time="4.53"/>
    <testcase classname="channels.pjsip" name="in_dialog_options" time="4.51"/>
    <testcase classname="channels.pjsip" name="incoming_call_on_second_transport" time="8.99"/>
    <testcase classname="channels.pjsip" name="incoming_calls_without_auth" time="9.36"/>
    <testcase classname="channels.pjsip" name="info_dtmf" time="6.89"/>
    <testcase classname="channels.pjsip" name="info_empty" time="7.21"/>
    <testcase classname="channels.pjsip" name="invalid_uris" time="4.64"/>
    <testcase classname="channels.pjsip" name="keep_alive" time="12.28"/>
    <testcase classname="channels.pjsip.message" name="message_basic" time="4.55"/>
    <testcase classname="channels.pjsip.message" name="message_basic_drop_options" time="4.51"/>
    <testcase classname="channels.pjsip.message" name="message_confbridge" time="12.69"/>
    <testcase classname="channels.pjsip.message" name="message_context" time="4.53"/>
    <testcase classname="channels.pjsip.message" name="message_cust_hdr" time="4.52"/>
    <testcase classname="channels.pjsip.message" name="message_from" time="4.98"/>
    <testcase classname="channels.pjsip.message" name="message_in_dialog" time="4.86"/>
    <testcase classname="channels.pjsip.message" name="message_retrans" time="4.74"/>
    <testcase classname="channels.pjsip.message" name="message_send_ami" time="4.55"/>
    <testcase classname="channels.pjsip.message" name="message_to_uri" time="4.50"/>
    <testcase classname="channels.pjsip" name="multipart_empty_part" time="4.51"/>
    <testcase classname="channels.pjsip.nat.rewrite_contact" name="route_set_request" time="4.61"/>
    <testcase classname="channels.pjsip.nat.rewrite_contact" name="route_set_response" time="8.59"/>
    <testcase classname="channels.pjsip.one_touch_recording" name="endpoint_config" time="8.73"/>
    <testcase classname="channels.pjsip.one_touch_recording.features_config" name="features_configured" time="8.69"/>
    <testcase classname="channels.pjsip.one_touch_recording.features_config" name="features_not_configured" time="8.70"/>
    <testcase classname="channels.pjsip.publish" name="asterisk_event_devicestate" time="5.19"/>
    <testcase classname="channels.pjsip.publish" name="asterisk_event_mwi" time="5.28"/>
    <testcase classname="channels.pjsip.publish" name="dialog_info_xml" time="9.64"/>
    <testcase classname="channels.pjsip.publish" name="presence_pidf" time="9.70"/>
    <testcase classname="channels.pjsip.publish" name="presence_xpidf" time="9.64"/>
    <testcase classname="channels.pjsip.qualify" name="auth" time="4.52"/>
    <testcase classname="channels.pjsip.qualify" name="basic" time="5.03"/>
    <testcase classname="channels.pjsip.qualify" name="call_unreachable" time="9.49"/>
    <testcase classname="channels.pjsip.qualify" name="max_initial_qualify_time" time="4.87"/>
    <testcase classname="channels.pjsip.qualify" name="no_qualify" time="4.50"/>
    <testcase classname="channels.pjsip.qualify" name="qualify_timeout" time="14.51"/>
    <testcase classname="channels.pjsip" name="refer_send_to_vm" time="50.76"/>
    <testcase classname="channels.pjsip.registration.inbound.nominal.config_options" name="maximum_expiration" time="4.74"/>
    <testcase classname="channels.pjsip.registration.inbound.nominal.config_options" name="minimum_expiration" time="4.57"/>
    <testcase classname="channels.pjsip.registration.inbound.nominal.config_options" name="remove_existing" time="4.62"/>
    <testcase classname="channels.pjsip.registration.inbound.nominal.contact_acl" name="ipv4" time="4.54"/>
    <testcase classname="channels.pjsip.registration.inbound.nominal.contact_acl" name="ipv6" time="0.00">
      <skipped>Failed dependency</skipped>
    </testcase>
    <testcase classname="channels.pjsip.registration.inbound.nominal.mixed" name="unauthed" time="5.62"/>
    <testcase classname="channels.pjsip.registration.inbound.nominal.multiple_contacts" name="authed" time="55.82"/>
    <testcase classname="channels.pjsip.registration.inbound.nominal.multiple_contacts" name="unauthed" time="16.67"/>
    <testcase classname="channels.pjsip.registration.inbound.nominal.multiple_contacts" name="unauthed_drop_options" time="16.65"/>
    <testcase classname="channels.pjsip.registration.inbound.nominal" name="path" time="43.69"/>
    <testcase classname="channels.pjsip.registration.inbound.nominal" name="regcontext" time="9.52"/>
    <testcase classname="channels.pjsip.registration.inbound.nominal.single_contact" name="authed" time="4.58"/>
    <testcase classname="channels.pjsip.registration.inbound.nominal.single_contact" name="unauthed" time="4.58"/>
    <testcase classname="channels.pjsip.registration.inbound.nominal.single_contact" name="unauthed_drop_options" time="4.57"/>
    <testcase classname="channels.pjsip.registration.inbound.nominal.unregister" name="all_contacts" time="4.63"/>
    <testcase classname="channels.pjsip.registration.inbound.nominal.unregister" name="multiple_contacts" time="4.65"/>
    <testcase classname="channels.pjsip.registration.inbound.nominal.unregister" name="single_contact" time="4.59"/>
    <testcase classname="channels.pjsip.registration.inbound.nominal" name="user_agent" time="10.56"/>
    <testcase classname="channels.pjsip.registration.inbound.off_nominal" name="max_contacts" time="4.50"/>
    <testcase classname="channels.pjsip.registration.inbound.off_nominal" name="no_contact_header" time="4.51"/>
    <testcase classname="channels.pjsip.registration.inbound.off_nominal.unregister" name="no_expires_header" time="4.58"/>
    <testcase classname="channels.pjsip.registration.inbound.off_nominal" name="wrong_password" time="4.52"/>
    <testcase classname="channels.pjsip.registration.outbound" name="auth_loop" time="10.33"/>
    <testcase classname="channels.pjsip.registration.outbound" name="fatal_retry" time="65.32"/>
    <testcase classname="channels.pjsip.registration.outbound" name="forbidden_retry" time="66.31"/>
    <testcase classname="channels.pjsip.registration.outbound" name="interval_too_brief" time="21.29"/>
    <testcase classname="channels.pjsip.registration.outbound" name="line_parameter" time="39.36"/>
    <testcase classname="channels.pjsip.registration.outbound.unregister" name="unauthed" time="11.35"/>
    <testcase classname="channels.pjsip" name="reinvite_early" time="4.64"/>
    <testcase classname="channels.pjsip" name="reinvite_pending" time="4.82"/>
    <testcase classname="channels.pjsip.resolver" name="a" time="4.71"/>
    <testcase classname="channels.pjsip.resolver" name="aaaa" time="4.53"/>
    <testcase classname="channels.pjsip.resolver.naptr" name="explicit_transport_configured" time="4.97"/>
    <testcase classname="channels.pjsip.resolver.naptr" name="order" time="4.77"/>
    <testcase classname="channels.pjsip.resolver.naptr" name="preference" time="4.75"/>
    <testcase classname="channels.pjsip.resolver.naptr" name="preference_failover" time="4.76"/>
    <testcase classname="channels.pjsip.resolver.naptr" name="restricted_transport" time="4.71"/>
    <testcase classname="channels.pjsip.resolver.naptr" name="transport_tcp" time="4.76"/>
    <testcase classname="channels.pjsip.resolver.naptr" name="transport_udp" time="4.73"/>
    <testcase classname="channels.pjsip.resolver.naptr" name="transport_unspecified" time="4.78"/>
    <testcase classname="channels.pjsip.resolver.srv" name="explicit_transport_configured" time="4.99"/>
    <testcase classname="channels.pjsip.resolver.srv.failover.in_dialog" name="timeout" time="36.04"/>
    <testcase classname="channels.pjsip.resolver.srv.failover.in_dialog" name="transport_tcp" time="4.53"/>
    <testcase classname="channels.pjsip.resolver.srv.failover.in_dialog" name="transport_udp" time="4.54"/>
    <testcase classname="channels.pjsip.resolver.srv.failover.in_dialog" name="transport_unspecified" time="4.53"/>
    <testcase classname="channels.pjsip.resolver.srv.failover.out_of_dialog" name="timeout" time="35.94"/>
    <testcase classname="channels.pjsip.resolver.srv.failover.out_of_dialog" name="transport_tcp" time="4.55"/>
    <testcase classname="channels.pjsip.resolver.srv.failover.out_of_dialog" name="transport_udp" time="4.52"/>
    <testcase classname="channels.pjsip.resolver.srv.failover.out_of_dialog" name="transport_unspecified" time="4.53"/>
    <testcase classname="channels.pjsip.resolver.srv" name="priority" time="5.09"/>
    <testcase classname="channels.pjsip.resolver.srv" name="transport_tcp" time="4.70"/>
    <testcase classname="channels.pjsip.resolver.srv" name="transport_udp" time="4.72"/>
    <testcase classname="channels.pjsip.resolver.srv" name="transport_unspecified" time="4.74"/>
    <testcase classname="channels.pjsip" name="rpid_immediate" time="12.72"/>
    <testcase classname="channels.pjsip.rtcp.rtcp_mux_callee" name="direct" time="14.49"/>
    <testcase classname="channels.pjsip.rtcp.rtcp_mux_callee" name="ice" time="14.46"/>
    <testcase classname="channels.pjsip.rtcp.rtcp_mux_caller" name="direct" time="14.45"/>
    <testcase classname="channels.pjsip.rtcp.rtcp_mux_caller" name="ice" time="14.50"/>
    <testcase classname="channels.pjsip.rtcp.rtcp_mux_disabled" name="direct" time="14.44"/>
    <testcase classname="channels.pjsip.rtcp.rtcp_mux_disabled" name="ice" time="14.44"/>
    <testcase classname="channels.pjsip.rtcp.rtcp_mux_enabled" name="direct" time="14.54"/>
    <testcase classname="channels.pjsip.rtcp.rtcp_mux_enabled" name="ice" time="14.59"/>
    <testcase classname="channels.pjsip.rtp.asymmetric_rtp_codec" name="off" time="8.83"/>
    <testcase classname="channels.pjsip.rtp.asymmetric_rtp_codec" name="on" time="8.85"/>
    <testcase classname="channels.pjsip.rtp" name="bind_rtp_to_media_address" time="4.52"/>
    <testcase classname="channels.pjsip.rtp.rtp_keepalive" name="base" time="13.70"/>
    <testcase classname="channels.pjsip.rtp.rtp_keepalive" name="direct_media" time="13.82"/>
    <testcase classname="channels.pjsip.rtp" name="timeout" time="12.67"/>
    <testcase classname="channels.pjsip.rtp" name="timeout_hold" time="12.66"/>
    <testcase classname="channels.pjsip.sdp_offer_answer.attribute_passthrough" name="speex_h263_h264" time="4.91"/>
    <testcase classname="channels.pjsip.sdp_offer_answer.incoming.nominal.multiple_media_stream.audio_video_app" name="decline" time="4.54"/>
    <testcase classname="channels.pjsip.sdp_offer_answer.incoming.nominal.multiple_media_stream.audio_video.accept" name="bundled" time="4.54"/>
    <testcase classname="channels.pjsip.sdp_offer_answer.incoming.nominal.multiple_media_stream.audio_video.accept" name="multiple_audio" time="4.53"/>
    <testcase classname="channels.pjsip.sdp_offer_answer.incoming.nominal.multiple_media_stream.audio_video.accept" name="multiple_video" time="4.52"/>
    <testcase classname="channels.pjsip.sdp_offer_answer.incoming.nominal.multiple_media_stream.audio_video.decline" name="basic" time="5.73"/>
    <testcase classname="channels.pjsip.sdp_offer_answer.incoming.nominal.multiple_media_stream.audio_video.decline" name="multiple_audio" time="4.57"/>
    <testcase classname="channels.pjsip.sdp_offer_answer.incoming.nominal.multiple_media_stream.audio_video.decline" name="multiple_video" time="4.53"/>
    <testcase classname="channels.pjsip.sdp_offer_answer.incoming.nominal.multiple_media_stream.audio" name="accept" time="4.54"/>
    <testcase classname="channels.pjsip.sdp_offer_answer.incoming.nominal.multiple_media_stream.audio" name="add" time="4.54"/>
    <testcase classname="channels.pjsip.sdp_offer_answer.incoming.nominal.multiple_media_stream.audio" name="decline" time="4.54"/>
    <testcase classname="channels.pjsip.sdp_offer_answer.incoming.nominal.multiple_media_stream.audio" name="remove" time="4.52"/>
    <testcase classname="channels.pjsip.sdp_offer_answer.incoming.nominal.multiple_media_stream.video" name="accept" time="4.53"/>
    <testcase classname="channels.pjsip.sdp_offer_answer.incoming.nominal.multiple_media_stream.video" name="add" time="4.54"/>
    <testcase classname="channels.pjsip.sdp_offer_answer.incoming.nominal.multiple_media_stream.video" name="decline" time="4.53"/>
    <testcase classname="channels.pjsip.sdp_offer_answer.incoming.nominal.multiple_media_stream.video" name="remove" time="4.53"/>
    <testcase classname="channels.pjsip.sdp_offer_answer.incoming.nominal.single_media_stream.audio" name="avpf" time="4.53"/>
    <testcase classname="channels.pjsip.sdp_offer_answer.incoming.nominal.single_media_stream.audio" name="basic" time="5.31"/>
    <testcase classname="channels.pjsip.sdp_offer_answer.incoming.nominal.single_media_stream.audio" name="packetization" time="4.88"/>
    <testcase classname="channels.pjsip.sdp_offer_answer.incoming.nominal.single_media_stream.video" name="basic" time="4.52"/>
    <testcase classname="channels.pjsip.sdp_offer_answer.incoming.off_nominal.multiple_media_stream.audio_video" name="codec_mismatch" time="4.51"/>
    <testcase classname="channels.pjsip.sdp_offer_answer.incoming.off_nominal.multiple_media_stream.audio_video" name="hold_declined" time="4.51"/>
    <testcase classname="channels.pjsip.sdp_offer_answer.incoming.off_nominal.multiple_media_stream.audio_video" name="initial_declined" time="4.52"/>
    <testcase classname="channels.pjsip.sdp_offer_answer.incoming.off_nominal.single_media_stream.audio" name="avpf_mismatch" time="4.54"/>
    <testcase classname="channels.pjsip.sdp_offer_answer.incoming.off_nominal.single_media_stream.audio" name="codec_mismatch" time="4.51"/>
    <testcase classname="channels.pjsip.sdp_offer_answer.incoming.off_nominal.single_media_stream.audio" name="initial_declined" time="4.51"/>
    <testcase classname="channels.pjsip.sdp_offer_answer.webrtc" name="goog_remb" time="4.51"/>
    <testcase classname="channels.pjsip.secure_calling.calls.nominal" name="all_ciphers_verify_certs" time="11.43"/>
    <testcase classname="channels.pjsip.secure_calling.calls.nominal" name="limited_ciphers_verify_certs" time="11.63"/>
    <testcase classname="channels.pjsip.secure_calling.calls.nominal" name="two_CAs_no_verify_certs" time="11.57"/>
    <testcase classname="channels.pjsip.secure_calling.calls.nominal" name="two_CAs_verify_certs" time="11.69"/>
    <testcase classname="channels.pjsip.secure_calling.calls.off_nominal" name="dtls_verify_failure" time="5.17"/>
    <testcase classname="channels.pjsip.secure_calling.calls.off_nominal" name="no_dtls_ciphers_in_common" time="5.21"/>
    <testcase classname="channels.pjsip.secure_calling.calls.off_nominal" name="no_sips_ciphers_in_common" time="5.17"/>
    <testcase classname="channels.pjsip.secure_calling.calls.off_nominal" name="sips_verify_failure" time="5.18"/>
    <testcase classname="channels.pjsip.secure_calling.optimistic_srtp" name="mandatory_with_optimistic_offer" time="4.51"/>
    <testcase classname="channels.pjsip.secure_calling.optimistic_srtp" name="optimistic_with_mandatory_offer" time="4.51"/>
    <testcase classname="channels.pjsip.secure_calling.optimistic_srtp" name="optimistic_with_no_crypto" time="4.54"/>
    <testcase classname="channels.pjsip.secure_calling.optimistic_srtp" name="optimistic_with_optimistic_offer" time="4.51"/>
    <testcase classname="channels.pjsip.secure_calling" name="srtp_negotiation" time="19.52">
      <failure>Running tests/channels/pjsip/secure_calling/srtp_negotiation ...
[Jul 23 20:19:37] WARNING[26273]: asterisk.sipp:524 processEnded: Resolving remote host '127.0.0.1'... Done.
</failure>
    </testcase>
    <testcase classname="channels.pjsip.secure_calling" name="srtp_not_loaded" time="4.51"/>
    <testcase classname="channels.pjsip" name="set_var" time="4.50"/>
    <testcase classname="channels.pjsip.statsd" name="contacts" time="5.86"/>
    <testcase classname="channels.pjsip.statsd" name="registrations" time="36.31"/>
    <testcase classname="channels.pjsip.subscriptions" name="ast_restart" time="13.94"/>
    <testcase classname="channels.pjsip.subscriptions" name="below_min_expiry" time="4.49"/>
    <testcase classname="channels.pjsip.subscriptions" name="large_number_of_accept_headers" time="4.49"/>
    <testcase classname="channels.pjsip.subscriptions" name="mismatch" time="4.51"/>
    <testcase classname="channels.pjsip.subscriptions.mwi" name="missing_aor" time="4.49"/>
    <testcase classname="channels.pjsip.subscriptions.mwi" name="mwi_aggregate" time="4.55"/>
    <testcase classname="channels.pjsip.subscriptions.mwi" name="no_accept_header" time="4.49"/>
    <testcase classname="channels.pjsip.subscriptions.mwi" name="sub_setup_teardown" time="5.55"/>
    <testcase classname="channels.pjsip.subscriptions.mwi" name="sub_setup_teardown_drop_options" time="5.55"/>
    <testcase classname="channels.pjsip.subscriptions.mwi.unsolicited" name="incoming" time="4.52"/>
    <testcase classname="channels.pjsip.subscriptions.mwi.unsolicited" name="initial_notify" time="4.52"/>
    <testcase classname="channels.pjsip.subscriptions.mwi.unsolicited" name="mailbox_count_changes" time="8.52"/>
    <testcase classname="channels.pjsip.subscriptions.mwi.unsolicited" name="notify_after_register" time="4.52"/>
    <testcase classname="channels.pjsip.subscriptions.mwi.unsolicited" name="notify_after_register_realtime" time="4.68"/>
    <testcase classname="channels.pjsip.subscriptions" name="nat_notify" time="4.67"/>
    <testcase classname="channels.pjsip.subscriptions" name="no_event_header" time="5.27"/>
    <testcase classname="channels.pjsip.subscriptions.presence" name="devstate_repeat" time="8.65"/>
    <testcase classname="channels.pjsip.subscriptions.presence" name="dialog_info_xml" time="5.21"/>
    <testcase classname="channels.pjsip.subscriptions.presence" name="digium_presence" time="5.15"/>
    <testcase classname="channels.pjsip.subscriptions.presence" name="no_accept_header" time="4.98"/>
    <testcase classname="channels.pjsip.subscriptions.presence" name="presence_pidf" time="8.75"/>
    <testcase classname="channels.pjsip.subscriptions.presence" name="presence_xpidf" time="4.65"/>
    <testcase classname="channels.pjsip.subscriptions.presence" name="presencestate_repeat" time="8.09"/>
    <testcase classname="channels.pjsip.subscriptions.presence" name="presencestate_repeat_okay" time="4.81"/>
    <testcase classname="channels.pjsip.subscriptions.presence" name="resubscribe" time="4.54"/>
    <testcase classname="channels.pjsip.subscriptions.presence" name="unsubscribe" time="8.68"/>
    <testcase classname="channels.pjsip.subscriptions.presence.verify_bodies" name="verify_pidf" time="5.03"/>
    <testcase classname="channels.pjsip.subscriptions.presence.verify_bodies" name="verify_xpidf" time="4.87"/>
    <testcase classname="channels.pjsip.subscriptions.rls.lists.nominal.mwi.batched" name="basic" time="14.69"/>
    <testcase classname="channels.pjsip.subscriptions.rls.lists.nominal.mwi.batched" name="multiple_resources_single_change" time="14.84"/>
    <testcase classname="channels.pjsip.subscriptions.rls.lists.nominal.mwi.batched" name="resubscription_interruption" time="9.11"/>
    <testcase classname="channels.pjsip.subscriptions.rls.lists.nominal.mwi.batched" name="single_resource_multiple_changes" time="14.80"/>
    <testcase classname="channels.pjsip.subscriptions.rls.lists.nominal.mwi.batched" name="termination_interruption" time="9.09"/>
    <testcase classname="channels.pjsip.subscriptions.rls.lists.nominal.mwi" name="full_state" time="6.83"/>
    <testcase classname="channels.pjsip.subscriptions.rls.lists.nominal.mwi" name="initial_notify" time="4.79"/>
    <testcase classname="channels.pjsip.subscriptions.rls.lists.nominal.mwi" name="partial_state" time="7.03"/>
    <testcase classname="channels.pjsip.subscriptions.rls.lists.nominal.mwi" name="resubscribe_full_state" time="4.96"/>
    <testcase classname="channels.pjsip.subscriptions.rls.lists.nominal.mwi" name="subscription_establishment" time="4.71"/>
    <testcase classname="channels.pjsip.subscriptions.rls.lists.nominal.mwi" name="termination_full_state" time="5.81"/>
    <testcase classname="channels.pjsip.subscriptions.rls.lists.nominal.presence.batched" name="basic" time="14.85"/>
    <testcase classname="channels.pjsip.subscriptions.rls.lists.nominal.presence.batched" name="multiple_resources_single_change" time="15.65"/>
    <testcase classname="channels.pjsip.subscriptions.rls.lists.nominal.presence.batched" name="resubscription_interruption" time="9.46"/>
    <testcase classname="channels.pjsip.subscriptions.rls.lists.nominal.presence.batched" name="single_resource_multiple_changes" time="15.21"/>
    <testcase classname="channels.pjsip.subscriptions.rls.lists.nominal.presence.batched" name="termination_interruption" time="9.47"/>
    <testcase classname="channels.pjsip.subscriptions.rls.lists.nominal.presence" name="full_state" time="6.75"/>
    <testcase classname="channels.pjsip.subscriptions.rls.lists.nominal.presence" name="initial_notify" time="4.84"/>
    <testcase classname="channels.pjsip.subscriptions.rls.lists.nominal.presence" name="partial_state" time="6.84"/>
    <testcase classname="channels.pjsip.subscriptions.rls.lists.nominal.presence" name="resubscribe_full_state" time="4.93"/>
    <testcase classname="channels.pjsip.subscriptions.rls.lists.nominal.presence" name="subscription_establishment" time="4.59"/>
    <testcase classname="channels.pjsip.subscriptions.rls.lists.nominal.presence" name="termination_full_state" time="5.82"/>
    <testcase classname="channels.pjsip.subscriptions.rls.lists.off_nominal" name="large_notify" time="4.68"/>
    <testcase classname="channels.pjsip.subscriptions.rls.lists.off_nominal.mwi" name="list_does_not_exist" time="4.61"/>
    <testcase classname="channels.pjsip.subscriptions.rls.lists.off_nominal.mwi" name="no_list_resources_exist" time="4.56"/>
    <testcase classname="channels.pjsip.subscriptions.rls.lists.off_nominal.mwi" name="resource_duplication" time="5.16"/>
    <testcase classname="channels.pjsip.subscriptions.rls.lists.off_nominal.mwi" name="some_list_resources_exist" time="4.77"/>
    <testcase classname="channels.pjsip.subscriptions.rls.lists.off_nominal.mwi" name="subscribe_wo_eventlist_support" time="4.66"/>
    <testcase classname="channels.pjsip.subscriptions.rls.lists.off_nominal.mwi" name="subscribe_wrong_event_header" time="4.54"/>
    <testcase classname="channels.pjsip.subscriptions.rls.lists.off_nominal.presence" name="list_does_not_exist" time="4.63"/>
    <testcase classname="channels.pjsip.subscriptions.rls.lists.off_nominal.presence" name="no_list_resources_exist" time="4.66"/>
    <testcase classname="channels.pjsip.subscriptions.rls.lists.off_nominal.presence" name="resource_duplication" time="4.70"/>
    <testcase classname="channels.pjsip.subscriptions.rls.lists.off_nominal.presence" name="some_list_resources_exist" time="4.62"/>
    <testcase classname="channels.pjsip.subscriptions.rls.lists.off_nominal.presence" name="subscribe_wo_eventlist_support" time="4.59"/>
    <testcase classname="channels.pjsip.subscriptions.rls.lists.off_nominal.presence" name="subscribe_wrong_event_header" time="4.54"/>
    <testcase classname="channels.pjsip.subscriptions.rls.lists_of_lists.nominal.mwi" name="batched" time="5.84"/>
    <testcase classname="channels.pjsip.subscriptions.rls.lists_of_lists.nominal.mwi" name="full_state_alice" time="6.68"/>
    <testcase classname="channels.pjsip.subscriptions.rls.lists_of_lists.nominal.mwi" name="full_state_carol" time="6.75"/>
    <testcase classname="channels.pjsip.subscriptions.rls.lists_of_lists.nominal.mwi" name="initial_notify" time="4.61"/>
    <testcase classname="channels.pjsip.subscriptions.rls.lists_of_lists.nominal.mwi" name="partial_state_alice" time="6.65"/>
    <testcase classname="channels.pjsip.subscriptions.rls.lists_of_lists.nominal.mwi" name="partial_state_carol" time="6.66"/>
    <testcase classname="channels.pjsip.subscriptions.rls.lists_of_lists.nominal.mwi" name="resubscribe_full_state" time="4.56"/>
    <testcase classname="channels.pjsip.subscriptions.rls.lists_of_lists.nominal.mwi" name="subscription_establishment" time="4.52"/>
    <testcase classname="channels.pjsip.subscriptions.rls.lists_of_lists.nominal.mwi" name="termination_full_state" time="5.72"/>
    <testcase classname="channels.pjsip.subscriptions.rls.lists_of_lists.nominal.presence" name="batched" time="6.63"/>
    <testcase classname="channels.pjsip.subscriptions.rls.lists_of_lists.nominal.presence" name="full_state_alice" time="6.65"/>
    <testcase classname="channels.pjsip.subscriptions.rls.lists_of_lists.nominal.presence" name="full_state_carol" time="6.69"/>
    <testcase classname="channels.pjsip.subscriptions.rls.lists_of_lists.nominal.presence" name="initial_notify" time="4.57"/>
    <testcase classname="channels.pjsip.subscriptions.rls.lists_of_lists.nominal.presence" name="listception_initial_notify" time="0.00">
      <skipped>See ASTERISK-24181</skipped>
    </testcase>
    <testcase classname="channels.pjsip.subscriptions.rls.lists_of_lists.nominal.presence" name="partial_state_alice" time="6.72"/>
    <testcase classname="channels.pjsip.subscriptions.rls.lists_of_lists.nominal.presence" name="partial_state_carol" time="6.68"/>
    <testcase classname="channels.pjsip.subscriptions.rls.lists_of_lists.nominal.presence" name="resubscribe_full_state" time="4.59"/>
    <testcase classname="channels.pjsip.subscriptions.rls.lists_of_lists.nominal.presence" name="subscription_establishment" time="4.53"/>
    <testcase classname="channels.pjsip.subscriptions.rls.lists_of_lists.nominal.presence" name="termination_full_state" time="5.70"/>
    <testcase classname="channels.pjsip.subscriptions.rls.lists_of_lists.off_nominal.mwi" name="resource_duplication" time="4.60"/>
    <testcase classname="channels.pjsip.subscriptions.rls.lists_of_lists.off_nominal.mwi" name="shared_name_w_list_support" time="4.56"/>
    <testcase classname="channels.pjsip.subscriptions.rls.lists_of_lists.off_nominal.mwi" name="shared_name_wo_list_support" time="4.53"/>
    <testcase classname="channels.pjsip.subscriptions.rls.lists_of_lists.off_nominal.presence" name="resource_duplication" time="4.61"/>
    <testcase classname="channels.pjsip.subscriptions.rls.lists_of_lists.off_nominal.presence" name="shared_name_w_list_support" time="4.66"/>
    <testcase classname="channels.pjsip.subscriptions.rls.lists_of_lists.off_nominal.presence" name="shared_name_wo_list_support" time="4.51"/>
    <testcase classname="channels.pjsip.subscriptions" name="subscribe_context" time="4.50"/>
    <testcase classname="channels.pjsip.subscriptions" name="unallowed" time="4.50"/>
    <testcase classname="channels.pjsip.subscriptions" name="unknown_event_package" time="4.58"/>
    <testcase classname="channels.pjsip.transfers.asterisk.endpoint" name="redirect" time="4.54"/>
    <testcase classname="channels.pjsip.transfers.asterisk.endpoint" name="refer" time="4.60"/>
    <testcase classname="channels.pjsip.transfers.asterisk.uri" name="redirect" time="4.59"/>
    <testcase classname="channels.pjsip.transfers.asterisk.uri" name="refer" time="4.63"/>
    <testcase classname="channels.pjsip.transfers.attended_transfer.nominal" name="callee_local" time="11.04"/>
    <testcase classname="channels.pjsip.transfers.attended_transfer.nominal" name="callee_local_app" time="4.60"/>
    <testcase classname="channels.pjsip.transfers.attended_transfer.nominal" name="callee_local_blonde" time="14.81"/>
    <testcase classname="channels.pjsip.transfers.attended_transfer.nominal" name="callee_local_direct_media" time="78.64"/>
    <testcase classname="channels.pjsip.transfers.attended_transfer.nominal" name="callee_remote" time="6.21"/>
    <testcase classname="channels.pjsip.transfers.attended_transfer.nominal" name="caller_local" time="10.91"/>
    <testcase classname="channels.pjsip.transfers.attended_transfer.nominal" name="caller_local_app" time="49.12"/>
    <testcase classname="channels.pjsip.transfers.attended_transfer.nominal" name="caller_local_blonde" time="25.54"/>
    <testcase classname="channels.pjsip.transfers.attended_transfer.nominal" name="caller_local_direct_media" time="49.43"/>
    <testcase classname="channels.pjsip.transfers.attended_transfer.nominal" name="caller_remote" time="7.38"/>
    <testcase classname="channels.pjsip.transfers.blind_transfer" name="callee_direct_media" time="32.32"/>
    <testcase classname="channels.pjsip.transfers.blind_transfer" name="callee_refer_only" time="6.30"/>
    <testcase classname="channels.pjsip.transfers.blind_transfer" name="callee_with_hold" time="20.68">
      <failure>Running tests/channels/pjsip/transfers/blind_transfer/callee_with_hold ...
[Jul 23 20:35:48] WARNING[4609]: asterisk.sipp:524 processEnded: Resolving remote host '127.0.0.1'... Done.
</failure>
    </testcase>
    <testcase classname="channels.pjsip.transfers.blind_transfer" name="caller_direct_media" time="37.42"/>
    <testcase classname="channels.pjsip.transfers.blind_transfer" name="caller_refer_only" time="6.24"/>
    <testcase classname="channels.pjsip.transfers.blind_transfer" name="caller_with_hold" time="24.27"/>
    <testcase classname="channels.pjsip.transfers.blind_transfer" name="caller_with_hold_drop_options" time="24.32"/>
    <testcase classname="channels.pjsip.transfers.blind_transfer" name="goto_on_blindxfr" time="34.45"/>
    <testcase classname="channels.pjsip.transfers.blind_transfer" name="immediate_ok_notify" time="10.33"/>
    <testcase classname="channels.pjsip.transfers.blind_transfer" name="no_target_in_refer" time="8.44"/>
    <testcase classname="channels.pjsip.transfers.blind_transfer.off_nominal" name="transferer_reinvite" time="9.92"/>
    <testcase classname="channels.pjsip.transport.reuse" name="invite" time="8.62"/>
    <testcase classname="channels.pjsip.transport.reuse" name="notify" time="6.70"/>
    <testcase classname="channels.pjsip.transport.reuse" name="options" time="8.50"/>
    <testcase classname="channels.pjsip.transport.symmetric" name="invite" time="5.16"/>
    <testcase classname="channels.pjsip.transport.symmetric" name="notify" time="6.69"/>
    <testcase classname="channels.pjsip.transport.symmetric" name="options" time="8.69"/>
    <testcase classname="channels.pjsip" name="user_eq_phone" time="4.71"/>
    <testcase classname="channels.pjsip.video_calls" name="fast_picture_update" time="5.81"/>
    <testcase classname="codecs.opus" name="decode" time="12.75"/>
    <testcase classname="codecs.opus" name="encode" time="12.54"/>
    <testcase classname="codecs.opus.fec.jitterbuffer" name="adaptive" time="69.12"/>
    <testcase classname="codecs.opus.fec.jitterbuffer" name="fixed" time="69.25"/>
    <testcase classname="codecs.opus.fec" name="no_jitterbuffer" time="69.10"/>
    <testcase classname="codecs.opus" name="fmtp_with_spaces" time="5.68"/>
    <testcase classname="connected_line" name="macro" time="0.00">
      <skipped>Failed dependency</skipped>
    </testcase>
    <testcase classname="connected_line" name="subroutine" time="4.51"/>
    <testcase classname="endpoints" name="statsd" time="4.50"/>
    <testcase classname="" name="example" time="0.02"/>
    <testcase classname="fastagi" name="channel_status" time="4.50"/>
    <testcase classname="fastagi" name="connect" time="5.28"/>
    <testcase classname="fastagi" name="control_stream_file" time="5.83"/>
    <testcase classname="fastagi" name="database" time="6.37"/>
    <testcase classname="fastagi" name="execute" time="8.45"/>
    <testcase classname="fastagi" name="get_data" time="13.07"/>
    <testcase classname="fastagi" name="hangup" time="5.62"/>
    <testcase classname="fastagi" name="record_file" time="9.59"/>
    <testcase classname="fastagi" name="say_alpha" time="10.54"/>
    <testcase classname="fastagi" name="say_date" time="10.53"/>
    <testcase classname="fastagi" name="say_datetime" time="14.61"/>
    <testcase classname="fastagi" name="say_digits" time="9.56"/>
    <testcase classname="fastagi" name="say_number" time="13.28"/>
    <testcase classname="fastagi" name="say_phonetic" time="8.06"/>
    <testcase classname="fastagi" name="say_time" time="9.05"/>
    <testcase classname="fastagi" name="stream_file" time="5.69"/>
    <testcase classname="fastagi" name="wait_for_digit" time="0.00">
      <skipped>Requires patch to StarPy</skipped>
    </testcase>
    <testcase classname="fax.pjsip" name="ast_2016_003" time="19.56"/>
    <testcase classname="fax.pjsip" name="directmedia_reinvite_t38" time="7.04"/>
    <testcase classname="fax.pjsip" name="gateway_g711_t38" time="70.42"/>
    <testcase classname="fax.pjsip" name="gateway_native_t38" time="70.17"/>
    <testcase classname="fax.pjsip" name="gateway_t38_g711_rx" time="70.21"/>
    <testcase classname="fax.pjsip" name="gateway_t38_g711_tx" time="69.03"/>
    <testcase classname="fax.pjsip" name="t38" time="74.95"/>
    <testcase classname="fax.pjsip" name="t38_1xx_response" time="12.26"/>
    <testcase classname="fax.pjsip" name="t38_fast_reject" time="0.00">
      <skipped>Failed dependency</skipped>
    </testcase>
    <testcase classname="fax.pjsip" name="t38_initial_offer" time="4.51"/>
    <testcase classname="fax.pjsip" name="t38_with_auth" time="69.94"/>
    <testcase classname="fax.sip" name="directmedia_reinvite_t38" time="6.85"/>
    <testcase classname="fax.sip" name="gateway_g711_t38" time="70.02"/>
    <testcase classname="fax.sip" name="gateway_mix1" time="69.84"/>
    <testcase classname="fax.sip" name="gateway_mix2" time="65.35"/>
    <testcase classname="fax.sip" name="gateway_mix3" time="67.52"/>
    <testcase classname="fax.sip" name="gateway_mix4" time="70.12"/>
    <testcase classname="fax.sip" name="gateway_native_t38" time="69.91"/>
    <testcase classname="fax.sip" name="gateway_native_t38_ced" time="70.03"/>
    <testcase classname="fax.sip" name="gateway_no_t38" time="65.30"/>
    <testcase classname="fax.sip" name="gateway_t38_g711" time="67.60"/>
    <testcase classname="fax.sip" name="gateway_timeout1" time="65.53"/>
    <testcase classname="fax.sip" name="gateway_timeout2" time="36.24"/>
    <testcase classname="fax.sip" name="gateway_timeout3" time="65.10"/>
    <testcase classname="fax.sip" name="gateway_timeout4" time="34.66"/>
    <testcase classname="fax.sip" name="gateway_timeout5" time="97.87"/>
    <testcase classname="fax.sip" name="local_channel_t38_queryoption" time="70.39"/>
    <testcase classname="fax.sip" name="t38_negotiation_timeout" time="12.06"/>
    <testcase classname="fax.sip" name="voxfax_g711" time="67.84"/>
    <testcase classname="" name="feature_attended_transfer" time="21.96"/>
    <testcase classname="" name="feature_blonde_transfer" time="47.89"/>
    <testcase classname="" name="feature_call_pickup" time="5.16"/>
    <testcase classname="funcs" name="func_channel" time="4.71"/>
    <testcase classname="funcs" name="func_global" time="5.27"/>
    <testcase classname="funcs" name="func_jitterbuffer" time="25.70"/>
    <testcase classname="funcs" name="func_presencestate" time="4.53"/>
    <testcase classname="funcs" name="func_push" time="5.82"/>
    <testcase classname="funcs" name="func_srv" time="4.55"/>
    <testcase classname="funcs" name="func_talkdetect" time="45.92"/>
    <testcase classname="hangup" name="handlers" time="45.08"/>
    <testcase classname="hangup" name="handlers_endbeforehexten" time="44.98"/>
    <testcase classname="hep" name="pjsip" time="8.92"/>
    <testcase classname="hep" name="pjsip_auth" time="8.94"/>
    <testcase classname="hep" name="pjsip_ipv6" time="8.90"/>
    <testcase classname="hep" name="rtcp_receiver" time="20.69">
      <failure>Running tests/hep/rtcp-receiver ...
[Jul 23 21:16:28] ERROR[14873]: hep_capture_node:375 verify_packet: Failed to find match for packet 1: {'ip_family': 2, 'src_port': 18979, 'uuid': 'PJSIP/ast1-00000000', 'auth_key': None, 'src_addr': '127.0.0.1', 'time_usec': 697814, 'capture_agent_id': 2, 'hep_ctrl': [72, 69, 80, 51], 'ip_id': 17, 'time_sec': 1532394988, 'payload': '{&quot;ssrc&quot;:-553583508,&quot;type&quot;:200,&quot;report_count&quot;:0,&quot;sender_information&quot;:{&quot;ntp_timestamp_sec&quot;:&quot;1532394988&quot;,&quot;ntp_timestamp_usec&quot;:&quot;697094&quot;,&quot;rtp_timestamp&quot;:40160,&quot;packets&quot;:251,&quot;octets&quot;:40160},&quot;report_blocks&quot;:[]}', 'dst_addr': '127.0.0.1', 'protocol_type': 5, 'dst_port': 12059}
[Jul 23 21:16:33] ERROR[14873]: hep_capture_node:375 verify_packet: Failed to find match for packet 3: {'ip_family': 2, 'src_port': 18979, 'uuid': 'PJSIP/ast1-00000000', 'auth_key': None, 'src_addr': '127.0.0.1', 'time_usec': 697799, 'capture_agent_id': 2, 'hep_ctrl': [72, 69, 80, 51], 'ip_id': 17, 'time_sec': 1532394993, 'payload': '{&quot;ssrc&quot;:-553583503,&quot;type&quot;:200,&quot;report_count&quot;:0,&quot;sender_information&quot;:{&quot;ntp_timestamp_sec&quot;:&quot;1532394993&quot;,&quot;ntp_timestamp_usec&quot;:&quot;697400&quot;,&quot;rtp_timestamp&quot;:80160,&quot;packets&quot;:501,&quot;octets&quot;:80160},&quot;report_blocks&quot;:[]}', 'dst_addr': '127.0.0.1', 'protocol_type': 5, 'dst_port': 12059}
[...]
    <testcase classname="manager" name="device_state_changed" time="5.77"/>
    <testcase classname="manager" name="device_state_list" time="4.54"/>
    <testcase classname="manager" name="escaped_values" time="18.55"/>
    <testcase classname="manager" name="exten_state_list" time="4.54"/>
    <testcase classname="manager" name="login" time="4.50"/>
    <testcase classname="manager" name="manager_vars" time="4.52"/>
    <testcase classname="manager" name="mixmonitor" time="20.94"/>
    <testcase classname="manager" name="originate" time="6.83"/>
    <testcase classname="manager" name="presence_state_changed" time="4.59"/>
    <testcase classname="manager" name="presence_state_list" time="4.58"/>
    <testcase classname="manager.redirect.dual" name="app" time="4.60"/>
    <testcase classname="manager.redirect.dual.bridge" name="different" time="4.71"/>
    <testcase classname="manager.redirect.dual.bridge" name="same" time="48.73"/>
    <testcase classname="manager.redirect.single" name="app" time="48.45"/>
    <testcase classname="manager.redirect.single" name="bridge" time="4.56"/>
    <testcase classname="manager" name="response_time" time="0.00">
      <skipped>Skip while failures are debugged</skipped>
    </testcase>
    <testcase classname="manager" name="status" time="4.65"/>
    <testcase classname="manager" name="status_all_vars" time="4.72"/>
    <testcase classname="manager" name="userevent" time="4.57"/>
    <testcase classname="" name="masquerade" time="40.22"/>
    <testcase classname="pbx.accountcode" name="dial_none" time="4.54"/>
    <testcase classname="pbx.accountcode" name="dial_peer_none" time="4.54"/>
    <testcase classname="pbx.accountcode" name="dial_peer_override" time="4.54"/>
    <testcase classname="pbx.accountcode" name="dial_predial" time="4.54"/>
    <testcase classname="pbx.accountcode" name="dial_straight_none" time="4.58"/>
    <testcase classname="pbx.accountcode" name="dial_straight_override" time="4.56"/>
    <testcase classname="pbx.accountcode" name="local_crossover" time="4.62"/>
    <testcase classname="pbx.accountcode" name="local_crossover_back" time="4.59"/>
    <testcase classname="pbx.accountcode" name="local_originate" time="4.55"/>
    <testcase classname="pbx.accountcode" name="queue_none" time="4.57"/>
    <testcase classname="pbx.accountcode" name="queue_peer_none" time="4.58"/>
    <testcase classname="pbx.accountcode" name="queue_peer_preserve" time="4.59"/>
    <testcase classname="pbx" name="ast_db" time="5.62"/>
    <testcase classname="pbx" name="autohints" time="4.57"/>
    <testcase classname="pbx" name="call_files" time="4.77"/>
    <testcase classname="pbx" name="call_files2" time="0.00">
      <skipped>Skip while failures are debugged</skipped>
    </testcase>
    <testcase classname="pbx" name="call_file_retries_alwaysdelete" time="15.85"/>
    <testcase classname="pbx" name="call_file_retries_archive" time="16.85"/>
    <testcase classname="pbx" name="call_file_retries_fail" time="12.89"/>
    <testcase classname="pbx" name="call_file_retries_success" time="6.96"/>
    <testcase classname="pbx" name="callerid_match" time="11.37"/>
    <testcase classname="pbx" name="create_call_files" time="4.54"/>
    <testcase classname="pbx" name="dialplan" time="9.65"/>
    <testcase classname="pbx" name="dialplan_reload" time="21.15"/>
    <testcase classname="pbx" name="dialplan_save" time="15.70"/>
    <testcase classname="pbx" name="manager_extensions" time="4.63"/>
    <testcase classname="pbx" name="merge_contexts" time="0.00">
      <skipped>Skip while failures are debugged</skipped>
    </testcase>
    <testcase classname="pbx" name="pbx_lua_background" time="10.92"/>
    <testcase classname="pbx" name="pbx_lua_goto" time="47.55">
      <failure>Running tests/pbx/pbx_lua_goto ...
[Jul 23 21:26:06] ERROR[21609]: asterisk.asterisk:483 __wait_fully_booted_error: Asterisk core waitfullybooted for 127.0.0.2 failed
[Jul 23 21:26:06] ERROR[21609]: asterisk.test_case:418 __check_success_failure: Asterisk core waitfullybooted for 127.0.0.2 failed
[Jul 23 21:26:06] ERROR[21609]: asterisk.test_case:569 ami_login_error: Error logging into AMI: Connection was refused by other side: 111: Connection refused.
[Jul 23 21:26:06] ERROR[21609]: asterisk.test_case:570 ami_login_error: Traceback (most recent call last):
Failure: twisted.internet.error.ConnectionRefusedError: Connection was refused by other side: 111: Connection refused.
</failure>
    </testcase>
    <testcase classname="phoneprov" name="res_phoneprov" time="3.48"/>
    <testcase classname="phoneprov" name="res_phoneprov_pjsip" time="4.55"/>
    <testcase classname="" name="predial" time="62.48"/>
    <testcase classname="realtime" name="destroy" time="4.63"/>
    <testcase classname="realtime" name="multi" time="4.57"/>
    <testcase classname="realtime" name="single" time="4.56"/>
    <testcase classname="realtime" name="_static" time="4.56"/>
    <testcase classname="realtime" name="store" time="4.55"/>
    <testcase classname="realtime" name="update" time="4.56"/>
    <testcase classname="redirecting" name="forwardername" time="17.38"/>
    <testcase classname="redirecting" name="macro" time="0.00">
      <skipped>Failed dependency</skipped>
    </testcase>
    <testcase classname="redirecting" name="subroutine" time="4.53"/>
    <testcase classname="" name="remote_test" time="0.00">
      <skipped>Failed dependency</skipped>
    </testcase>
    <testcase classname="rest_api" name="CORS" time="8.08"/>
    <testcase classname="rest_api.applications.channel_subscriptions" name="basic_subscription" time="4.66"/>
    <testcase classname="rest_api.applications.channel_subscriptions.originate_to_dialplan" name="non_local_channels" time="5.80"/>
    <testcase classname="rest_api.applications.channel_subscriptions.originate_to_other_stasis_app" name="local_channels" time="13.75"/>
    <testcase classname="rest_api.applications.channel_subscriptions.originate_to_other_stasis_app" name="non_local_channels" time="14.53"/>
    <testcase classname="rest_api.applications.channel_subscriptions.originate_to_stasis_app" name="local_channels" time="5.29"/>
    <testcase classname="rest_api.applications" name="double_subscribe_device_state" time="4.67"/>
    <testcase classname="rest_api.applications" name="errors" time="4.63"/>
    <testcase classname="rest_api.applications" name="stasisstatus" time="4.64"/>
    <testcase classname="rest_api.applications" name="subscribe_all" time="8.48">
      <failure>Running tests/rest_api/applications/subscribe-all ...
[Jul 23 21:29:22] WARNING[24103]: twisted:154 publishToNewObserver: dropping connection to peer tcp4:127.0.0.1:8088 with abort=False: None
[Jul 23 21:29:22] ERROR[24103]: asterisk.ari:778 on_stop: Expected 1 &lt;= count &lt;= 1; was 0 ({'peer': {'peer_status': 'Reachable'}, 'application': 'testsuite', 'endpoint': {'technology': 'PJSIP', 'state': 'online', 'resource': 'alice'}, 'type': 'PeerStatusChange'}, !None)
</failure>
    </testcase>
    <testcase classname="rest_api.applications" name="subscribe_all_bridge" time="4.81"/>
    <testcase classname="rest_api.applications" name="subscribe_bridge" time="4.68"/>
    <testcase classname="rest_api.applications" name="subscribe_device_state" time="4.68"/>
    <testcase classname="rest_api.applications.subscribe_endpoint.nominal" name="resource" time="5.45"/>
    <testcase classname="rest_api.applications.subscribe_endpoint.nominal" name="tech" time="5.72"/>
    <testcase classname="rest_api.applications.subscribe_endpoint.off_nominal" name="unknown_resource" time="4.72"/>
    <testcase classname="rest_api.applications.subscribe_endpoint.off_nominal" name="unknown_tech" time="4.66"/>
    <testcase classname="rest_api.asterisk.config.dynamic" name="create" time="4.70"/>
    <testcase classname="rest_api.asterisk.config.dynamic" name="_delete" time="4.67"/>
    <testcase classname="rest_api.asterisk.config.dynamic" name="get" time="4.67"/>
    <testcase classname="rest_api.asterisk.config.dynamic.pjsip" name="delete_aor" time="4.73"/>
    <testcase classname="rest_api.asterisk.config.dynamic.pjsip" name="modify_aor_to_qualified" time="4.68"/>
    <testcase classname="rest_api.asterisk.config.dynamic.pjsip" name="modify_aor_to_unqualified" time="4.76"/>
    <testcase classname="rest_api.asterisk.config.dynamic.pjsip" name="modify_endpoint" time="4.89"/>
    <testcase classname="rest_api.asterisk.config.dynamic" name="registration_cleanup" time="8.77"/>
    <testcase classname="rest_api.asterisk.config.dynamic" name="update" time="4.72"/>
    <testcase classname="rest_api.asterisk.logging" name="add_log" time="4.73"/>
    <testcase classname="rest_api.asterisk.logging" name="get_logging" time="4.72"/>
    <testcase classname="rest_api.asterisk.logging" name="rotate_log" time="4.67"/>
    <testcase classname="rest_api.asterisk.modules" name="get_module" time="4.76"/>
    <testcase classname="rest_api.asterisk.modules" name="get_modules" time="3.78"/>
    <testcase classname="rest_api.asterisk.modules" name="get_unknown_module" time="4.68"/>
    <testcase classname="rest_api.asterisk.modules" name="load_already_loaded_module" time="4.74"/>
    <testcase classname="rest_api.asterisk.modules" name="load_module" time="4.66"/>
    <testcase classname="rest_api.asterisk.modules" name="load_unknown_module" time="4.74"/>
    <testcase classname="rest_api.asterisk.modules" name="reload_module" time="4.66"/>
    <testcase classname="rest_api.asterisk.modules" name="reload_unknown_module" time="4.65"/>
    <testcase classname="rest_api.asterisk.modules" name="reload_unloaded_module" time="4.65"/>
    <testcase classname="rest_api.asterisk.modules" name="unload_already_unloaded_module" time="4.65"/>
    <testcase classname="rest_api.asterisk.modules" name="unload_module" time="4.65"/>
    <testcase classname="rest_api" name="authentication" time="4.57"/>
    <testcase classname="rest_api.bridges" name="add_recording_channel" time="4.65"/>
    <testcase classname="rest_api.bridges" name="bridge_by_id" time="4.71"/>
    <testcase classname="rest_api.bridges" name="bridge_record" time="4.66"/>
    <testcase classname="rest_api.bridges" name="_delete" time="4.77"/>
    <testcase classname="rest_api.bridges" name="error" time="4.67"/>
    <testcase classname="rest_api.bridges" name="hangup" time="4.80"/>
    <testcase classname="rest_api.bridges" name="happy" time="4.78"/>
    <testcase classname="rest_api.bridges" name="id_propagate" time="4.77"/>
    <testcase classname="rest_api.bridges" name="move" time="4.79"/>
    <testcase classname="rest_api.bridges" name="no_id_propagate" time="4.74"/>
    <testcase classname="rest_api.bridges.playback" name="basic" time="7.48"/>
    <testcase classname="rest_api.bridges.playback" name="forward" time="7.11"/>
    <testcase classname="rest_api.bridges.playback" name="reverse" time="7.05"/>
    <testcase classname="rest_api.bridges.playback" name="tones" time="8.25"/>
    <testcase classname="rest_api.bridges" name="unhappy" time="5.08"/>
    <testcase classname="rest_api.bridges" name="video" time="5.10"/>
    <testcase classname="rest_api.channels" name="connected_line_update" time="4.69"/>
    <testcase classname="rest_api.channels.create_dial_bridge.bridge" name="bridge_after_answer" time="7.64"/>
    <testcase classname="rest_api.channels.create_dial_bridge.bridge" name="bridge_early_media" time="7.61"/>
    <testcase classname="rest_api.channels.create_dial_bridge.bridge" name="bridge_then_dial" time="7.94"/>
    <testcase classname="rest_api.channels.create_dial_bridge.bridge" name="bridge_while_ringing" time="9.66"/>
    <testcase classname="rest_api.channels.create_dial_bridge.create" name="nominal" time="4.71"/>
    <testcase classname="rest_api.channels.create_dial_bridge.create" name="off_nominal" time="4.70"/>
    <testcase classname="rest_api.channels.create_dial_bridge.dial.nominal" name="basic" time="7.55"/>
    <testcase classname="rest_api.channels.create_dial_bridge.dial.nominal" name="_continue" time="6.02"/>
    <testcase classname="rest_api.channels.create_dial_bridge.dial" name="off_nominal" time="7.09"/>
    <testcase classname="rest_api.channels" name="create_duplicate_id" time="48.64"/>
    <testcase classname="rest_api.channels.hold" name="hold_intercept" time="4.87"/>
    <testcase classname="rest_api.channels" name="originate" time="10.16"/>
    <testcase classname="rest_api.channels" name="originate_duplicate_id" time="48.65"/>
    <testcase classname="rest_api.channels" name="originate_then_continue" time="6.54"/>
    <testcase classname="rest_api.channels" name="originate_to_dialplan" time="4.82"/>
    <testcase classname="rest_api.channels" name="originate_with_id" time="4.81"/>
    <testcase classname="rest_api.channels" name="originate_with_linkedid" time="10.40"/>
    <testcase classname="rest_api.channels" name="originate_with_vars" time="4.76"/>
    <testcase classname="rest_api.channels.playback" name="basic" time="11.10"/>
    <testcase classname="rest_api.channels.playback" name="forward" time="7.05"/>
    <testcase classname="rest_api.channels.playback.lists" name="basic" time="12.22"/>
    <testcase classname="rest_api.channels.playback.lists" name="forward" time="16.26"/>
    <testcase classname="rest_api.channels.playback.lists" name="reverse" time="24.26"/>
    <testcase classname="rest_api.channels.playback.lists" name="stop" time="5.08"/>
    <testcase classname="rest_api.channels.playback" name="reverse" time="6.98"/>
    <testcase classname="rest_api.channels.playback" name="to_channel_in_bridge" time="15.25"/>
    <testcase classname="rest_api.channels.playback" name="to_channel_in_bridge_hangup" time="9.22"/>
    <testcase classname="rest_api.channels.playback" name="tones" time="7.99"/>
    <testcase classname="rest_api.channels.playback" name="tones_w_tonezone" time="8.00"/>
    <testcase classname="rest_api.channels.redirect" name="nominal" time="9.07"/>
    <testcase classname="rest_api.channels.redirect" name="off_nominal" time="4.63"/>
    <testcase classname="rest_api.channels" name="snoop_id" time="4.65"/>
    <testcase classname="rest_api.channels" name="snoop_spy" time="34.06"/>
    <testcase classname="rest_api.channels" name="snoop_whisper" time="6.58"/>
    <testcase classname="rest_api" name="chunked_transfer" time="4.56"/>
    <testcase classname="rest_api" name="content_type" time="4.59"/>
    <testcase classname="rest_api" name="_continue" time="9.13"/>
    <testcase classname="rest_api.danger" name="dangerous" time="4.68"/>
    <testcase classname="rest_api.danger" name="safe" time="4.67"/>
    <testcase classname="rest_api.device_state" name="add_invalid" time="4.69"/>
    <testcase classname="rest_api.device_state" name="add_remove" time="4.70"/>
    <testcase classname="rest_api.device_state" name="change" time="4.68"/>
    <testcase classname="rest_api.device_state" name="list" time="4.67"/>
    <testcase classname="rest_api.events" name="subscribe_ws" time="5.52"/>
    <testcase classname="rest_api.events.user" name="channel" time="7.33"/>
    <testcase classname="rest_api.events.user" name="invalid" time="4.74"/>
    <testcase classname="rest_api.events.user" name="multi" time="4.88"/>
    <testcase classname="rest_api.events" name="variables" time="4.71"/>
    <testcase classname="rest_api.external_interaction.ami_bridge.stasis_app" name="non_stasis_app" time="4.78"/>
    <testcase classname="rest_api.external_interaction.ami_bridge.stasis_app" name="two_channel_different_stasis_app" time="4.71"/>
    <testcase classname="rest_api.external_interaction.ami_bridge.stasis_app" name="two_channel_same_stasis_app" time="4.72"/>
    <testcase classname="rest_api.external_interaction.ami_bridge.stasis_bridge" name="different_stasis_app" time="4.77"/>
    <testcase classname="rest_api.external_interaction.ami_bridge.stasis_bridge" name="non_stasis_app" time="4.69"/>
    <testcase classname="rest_api.external_interaction.ami_bridge.stasis_bridge" name="non_stasis_bridge" time="4.72"/>
    <testcase classname="rest_api.external_interaction.ami_bridge.stasis_bridge" name="same_stasis_app" time="4.71"/>
    <testcase classname="rest_api.external_interaction.ami_bridge.stasis_bridge" name="two_channel_different_stasis_app" time="4.76"/>
    <testcase classname="rest_api.external_interaction.ami_bridge.stasis_bridge" name="two_channel_same_stasis_app" time="4.79"/>
    <testcase classname="rest_api.external_interaction.ami_redirect" name="stasis_app" time="4.72"/>
    <testcase classname="rest_api.external_interaction.ami_redirect" name="stasis_bridge" time="4.71"/>
    <testcase classname="rest_api.external_interaction.ami_redirect" name="stasis_bridge_direct_originate" time="4.70"/>
    <testcase classname="rest_api.external_interaction.attended_transfer" name="non_stasis_app_to_stasis_bridge" time="5.82"/>
    <testcase classname="rest_api.external_interaction.attended_transfer" name="non_stasis_bridge_to_stasis_bridge" time="5.80"/>
    <testcase classname="rest_api.external_interaction.attended_transfer" name="stasis_bridge_to_non_stasis_app" time="9.29"/>
    <testcase classname="rest_api.external_interaction.attended_transfer" name="stasis_bridge_to_stasis_app" time="9.29"/>
    <testcase classname="rest_api.external_interaction.attended_transfer.stasis_bridge_to_stasis_bridge" name="different_stasis_app" time="6.47"/>
    <testcase classname="rest_api.external_interaction.attended_transfer.stasis_bridge_to_stasis_bridge" name="same_stasis_app" time="6.38"/>
    <testcase classname="rest_api.external_interaction.attended_transfer.stasis_bridge_to_stasis_bridge" name="same_stasis_app_accepted" time="6.44"/>
    <testcase classname="rest_api.external_interaction.blind_transfer" name="stasis_bridge_to_different_stasis_app" time="5.75"/>
    <testcase classname="rest_api.external_interaction.blind_transfer" name="stasis_bridge_to_non_stasis_app" time="6.28"/>
    <testcase classname="rest_api.external_interaction.blind_transfer" name="stasis_bridge_to_same_stasis_app" time="5.74"/>
    <testcase classname="rest_api.external_interaction.bridge_app" name="stasis_bridge" time="5.74"/>
    <testcase classname="rest_api.external_interaction.bridge_app.x_option" name="stasis_bridge" time="16.28"/>
    <testcase classname="rest_api.mailbox" name="baseline" time="4.67"/>
    <testcase classname="rest_api.message.endpoint" name="recv" time="4.66"/>
    <testcase classname="rest_api.message.endpoint" name="send" time="4.67"/>
    <testcase classname="rest_api.message.technology" name="recv" time="4.71"/>
    <testcase classname="rest_api.message.technology" name="send" time="4.67"/>
    <testcase classname="rest_api.recording" name="duration" time="12.93"/>
    <testcase classname="rest_api.recording" name="file_conflicts" time="5.30"/>
    <testcase classname="rest_api.recording" name="format_unavailable" time="4.91"/>
    <testcase classname="rest_api.recording" name="nominal" time="5.09"/>
    <testcase classname="rest_api.recording.stored.copy" name="nominal" time="6.84"/>
    <testcase classname="rest_api.recording.stored.copy" name="off_nominal" time="6.89"/>
    <testcase classname="rest_api.recording.stored" name="file" time="20.80"/>
    <testcase classname="rest_api" name="request_bodies" time="4.57"/>
    <testcase classname="rtp" name="strict_rtp" time="20.72"/>
    <testcase classname="sorcery" name="memory_cache_expire" time="4.56"/>
    <testcase classname="sorcery" name="memory_cache_expire_object" time="4.60"/>
    <testcase classname="sorcery" name="memory_cache_populate" time="4.65"/>
    <testcase classname="sorcery" name="memory_cache_stale" time="4.58"/>
    <testcase classname="sorcery" name="memory_cache_stale_object" time="4.58"/>
    <testcase classname="" name="udptl" time="46.77"/>
    <testcase classname="" name="udptl_v6" time="46.77"/>
  </testsuite>
</testsuites>
